2025-07-14 11:47:42,516 - __main__ - INFO - ==================================================
2025-07-14 11:47:42,516 - __main__ - INFO - 应用程序启动 - 日志系统初始化完成
2025-07-14 11:47:42,516 - __main__ - INFO - 日志文件路径: D:\pythonProject\generateTestCases\logs\app_20250714_114742.log
2025-07-14 11:47:42,516 - __main__ - INFO - ==================================================
2025-07-14 11:47:42,516 - __main__ - INFO - 启动 frpc: D:\pythonProject\generateTestCases\frpc.exe -c D:\pythonProject\generateTestCases\frpc.toml
2025-07-14 11:47:42,563 - __main__ - INFO - frpc 启动成功
2025-07-14 11:47:42,610 - main - INFO - ==================================================
2025-07-14 11:47:42,610 - main - INFO - 应用程序启动 - 日志系统初始化完成
2025-07-14 11:47:42,610 - main - INFO - 日志文件路径: D:\pythonProject\generateTestCases\logs\app_20250714_114742.log
2025-07-14 11:47:42,610 - main - INFO - ==================================================
2025-07-14 11:47:42,610 - uvicorn.error - INFO - Started server process [8104]
2025-07-14 11:47:42,610 - uvicorn.error - INFO - Waiting for application startup.
2025-07-14 11:47:42,610 - uvicorn.error - INFO - Application startup complete.
2025-07-14 11:47:42,610 - uvicorn.error - INFO - Uvicorn running on http://0.0.0.0:8080 (Press CTRL+C to quit)
2025-07-14 12:17:46,065 - uvicorn.error - WARNING - Invalid HTTP request received.
2025-07-14 12:19:06,499 - uvicorn.error - WARNING - Invalid HTTP request received.
2025-07-14 12:20:44,740 - uvicorn.error - WARNING - Invalid HTTP request received.
2025-07-14 13:28:10,716 - main - INFO - 没有提供飞书文档ID和token，跳过文档获取步骤
2025-07-14 13:28:10,717 - main - INFO - 调用图谱重新生成测试用例
2025-07-14 13:28:10,774 - regenerate - INFO - [Step 1] 开始处理图像内容
2025-07-14 13:28:10,774 - regenerate - INFO - [Step 1] 未检测到图片，跳过此步骤
2025-07-14 13:28:10,776 - regenerate - INFO - [Step 2] 尝试直接从 PRD 文本提取标题
2025-07-14 13:28:10,776 - regenerate - INFO - [Step 2] 未提取成功，调用模型
2025-07-14 13:28:18,490 - httpx - INFO - HTTP Request: POST https://ark.cn-beijing.volces.com/api/v3/chat/completions "HTTP/1.1 200 OK"
2025-07-14 13:28:18,492 - regenerate - INFO - [重新生成 Step 3] 根据评测报告和反馈生成新的测试点
2025-07-14 13:28:39,720 - httpx - INFO - HTTP Request: POST https://ark.cn-beijing.volces.com/api/v3/chat/completions "HTTP/1.1 200 OK"
2025-07-14 13:28:39,721 - regenerate - INFO - [重新生成 Step 4] 根据新的测试点生成测试用例
2025-07-14 13:28:39,722 - regenerate - INFO - 生成第 1 个用例，第 1 次尝试
2025-07-14 13:28:39,731 - regenerate - INFO - 生成第 2 个用例，第 1 次尝试
2025-07-14 13:28:39,743 - regenerate - INFO - 生成第 3 个用例，第 1 次尝试
2025-07-14 13:28:39,752 - regenerate - INFO - 生成第 4 个用例，第 1 次尝试
2025-07-14 13:28:39,761 - regenerate - INFO - 生成第 5 个用例，第 1 次尝试
2025-07-14 13:28:39,771 - regenerate - INFO - 生成第 6 个用例，第 1 次尝试
2025-07-14 13:28:39,781 - regenerate - INFO - 生成第 7 个用例，第 1 次尝试
2025-07-14 13:28:39,790 - regenerate - INFO - 生成第 8 个用例，第 1 次尝试
2025-07-14 13:28:39,800 - regenerate - INFO - 生成第 9 个用例，第 1 次尝试
2025-07-14 13:28:39,809 - regenerate - INFO - 生成第 10 个用例，第 1 次尝试
2025-07-14 13:28:39,819 - regenerate - INFO - 生成第 11 个用例，第 1 次尝试
2025-07-14 13:28:39,827 - regenerate - INFO - 生成第 12 个用例，第 1 次尝试
2025-07-14 13:28:39,837 - regenerate - INFO - 生成第 13 个用例，第 1 次尝试
2025-07-14 13:28:39,846 - regenerate - INFO - 生成第 14 个用例，第 1 次尝试
2025-07-14 13:28:39,855 - regenerate - INFO - 生成第 15 个用例，第 1 次尝试
2025-07-14 13:28:39,864 - regenerate - INFO - 生成第 16 个用例，第 1 次尝试
2025-07-14 13:28:39,874 - regenerate - INFO - 生成第 17 个用例，第 1 次尝试
2025-07-14 13:28:39,885 - regenerate - INFO - 生成第 18 个用例，第 1 次尝试
2025-07-14 13:28:39,895 - regenerate - INFO - 生成第 19 个用例，第 1 次尝试
2025-07-14 13:28:39,903 - regenerate - INFO - 生成第 20 个用例，第 1 次尝试
2025-07-14 13:28:39,914 - regenerate - INFO - 生成第 21 个用例，第 1 次尝试
2025-07-14 13:28:39,922 - regenerate - INFO - 生成第 22 个用例，第 1 次尝试
2025-07-14 13:28:39,932 - regenerate - INFO - 生成第 23 个用例，第 1 次尝试
2025-07-14 13:28:39,941 - regenerate - INFO - 生成第 24 个用例，第 1 次尝试
2025-07-14 13:28:39,952 - regenerate - INFO - 生成第 25 个用例，第 1 次尝试
2025-07-14 13:28:39,961 - regenerate - INFO - 生成第 26 个用例，第 1 次尝试
2025-07-14 13:28:39,971 - regenerate - INFO - 生成第 27 个用例，第 1 次尝试
2025-07-14 13:28:39,981 - regenerate - INFO - 生成第 28 个用例，第 1 次尝试
2025-07-14 13:28:39,990 - regenerate - INFO - 生成第 29 个用例，第 1 次尝试
2025-07-14 13:28:39,999 - regenerate - INFO - 生成第 30 个用例，第 1 次尝试
2025-07-14 13:28:47,849 - httpx - INFO - HTTP Request: POST https://ark.cn-beijing.volces.com/api/v3/chat/completions "HTTP/1.1 200 OK"
2025-07-14 13:28:47,850 - regenerate - INFO -  第 13 个用例生成成功，用时 8.01s
2025-07-14 13:28:47,850 - regenerate - INFO - 生成第 31 个用例，第 1 次尝试
2025-07-14 13:28:48,739 - httpx - INFO - HTTP Request: POST https://ark.cn-beijing.volces.com/api/v3/chat/completions "HTTP/1.1 200 OK"
2025-07-14 13:28:48,740 - regenerate - INFO -  第 29 个用例生成成功，用时 8.75s
2025-07-14 13:28:48,741 - regenerate - INFO - 生成第 32 个用例，第 1 次尝试
2025-07-14 13:28:50,346 - httpx - INFO - HTTP Request: POST https://ark.cn-beijing.volces.com/api/v3/chat/completions "HTTP/1.1 200 OK"
2025-07-14 13:28:50,347 - regenerate - INFO -  第 17 个用例生成成功，用时 10.47s
2025-07-14 13:28:50,347 - regenerate - INFO - 生成第 33 个用例，第 1 次尝试
2025-07-14 13:28:50,698 - httpx - INFO - HTTP Request: POST https://ark.cn-beijing.volces.com/api/v3/chat/completions "HTTP/1.1 200 OK"
2025-07-14 13:28:50,699 - regenerate - INFO -  第 1 个用例生成成功，用时 10.98s
2025-07-14 13:28:50,699 - regenerate - INFO - 生成第 34 个用例，第 1 次尝试
2025-07-14 13:28:50,770 - httpx - INFO - HTTP Request: POST https://ark.cn-beijing.volces.com/api/v3/chat/completions "HTTP/1.1 200 OK"
2025-07-14 13:28:50,771 - regenerate - INFO -  第 20 个用例生成成功，用时 10.87s
2025-07-14 13:28:50,771 - regenerate - INFO - 生成第 35 个用例，第 1 次尝试
2025-07-14 13:28:50,823 - httpx - INFO - HTTP Request: POST https://ark.cn-beijing.volces.com/api/v3/chat/completions "HTTP/1.1 200 OK"
2025-07-14 13:28:50,825 - regenerate - INFO -  第 18 个用例生成成功，用时 10.94s
2025-07-14 13:28:50,825 - regenerate - INFO - 生成第 36 个用例，第 1 次尝试
2025-07-14 13:28:50,837 - httpx - INFO - HTTP Request: POST https://ark.cn-beijing.volces.com/api/v3/chat/completions "HTTP/1.1 200 OK"
2025-07-14 13:28:50,838 - regenerate - INFO -  第 16 个用例生成成功，用时 10.97s
2025-07-14 13:28:50,839 - regenerate - INFO - 生成第 37 个用例，第 1 次尝试
2025-07-14 13:28:51,483 - httpx - INFO - HTTP Request: POST https://ark.cn-beijing.volces.com/api/v3/chat/completions "HTTP/1.1 200 OK"
2025-07-14 13:28:51,484 - regenerate - INFO -  第 30 个用例生成成功，用时 11.48s
2025-07-14 13:28:52,560 - httpx - INFO - HTTP Request: POST https://ark.cn-beijing.volces.com/api/v3/chat/completions "HTTP/1.1 200 OK"
2025-07-14 13:28:52,561 - regenerate - INFO -  第 7 个用例生成成功，用时 12.78s
2025-07-14 13:28:52,850 - httpx - INFO - HTTP Request: POST https://ark.cn-beijing.volces.com/api/v3/chat/completions "HTTP/1.1 200 OK"
2025-07-14 13:28:52,851 - regenerate - INFO -  第 9 个用例生成成功，用时 13.05s
2025-07-14 13:28:53,088 - httpx - INFO - HTTP Request: POST https://ark.cn-beijing.volces.com/api/v3/chat/completions "HTTP/1.1 200 OK"
2025-07-14 13:28:53,089 - regenerate - INFO -  第 12 个用例生成成功，用时 13.26s
2025-07-14 13:28:53,974 - httpx - INFO - HTTP Request: POST https://ark.cn-beijing.volces.com/api/v3/chat/completions "HTTP/1.1 200 OK"
2025-07-14 13:28:53,975 - regenerate - INFO -  第 26 个用例生成成功，用时 14.01s
2025-07-14 13:28:53,994 - httpx - INFO - HTTP Request: POST https://ark.cn-beijing.volces.com/api/v3/chat/completions "HTTP/1.1 200 OK"
2025-07-14 13:28:53,995 - regenerate - INFO -  第 2 个用例生成成功，用时 14.26s
2025-07-14 13:28:54,330 - httpx - INFO - HTTP Request: POST https://ark.cn-beijing.volces.com/api/v3/chat/completions "HTTP/1.1 200 OK"
2025-07-14 13:28:54,331 - regenerate - INFO -  第 23 个用例生成成功，用时 14.40s
2025-07-14 13:28:54,407 - httpx - INFO - HTTP Request: POST https://ark.cn-beijing.volces.com/api/v3/chat/completions "HTTP/1.1 200 OK"
2025-07-14 13:28:54,408 - regenerate - INFO -  第 8 个用例生成成功，用时 14.62s
2025-07-14 13:28:54,778 - httpx - INFO - HTTP Request: POST https://ark.cn-beijing.volces.com/api/v3/chat/completions "HTTP/1.1 200 OK"
2025-07-14 13:28:54,778 - regenerate - INFO -  第 14 个用例生成成功，用时 14.93s
2025-07-14 13:28:55,049 - httpx - INFO - HTTP Request: POST https://ark.cn-beijing.volces.com/api/v3/chat/completions "HTTP/1.1 200 OK"
2025-07-14 13:28:55,050 - regenerate - INFO -  第 21 个用例生成成功，用时 15.14s
2025-07-14 13:28:56,187 - httpx - INFO - HTTP Request: POST https://ark.cn-beijing.volces.com/api/v3/chat/completions "HTTP/1.1 200 OK"
2025-07-14 13:28:56,188 - regenerate - INFO -  第 22 个用例生成成功，用时 16.26s
2025-07-14 13:28:56,197 - httpx - INFO - HTTP Request: POST https://ark.cn-beijing.volces.com/api/v3/chat/completions "HTTP/1.1 200 OK"
2025-07-14 13:28:56,198 - regenerate - INFO -  第 19 个用例生成成功，用时 16.30s
2025-07-14 13:28:56,536 - httpx - INFO - HTTP Request: POST https://ark.cn-beijing.volces.com/api/v3/chat/completions "HTTP/1.1 200 OK"
2025-07-14 13:28:56,537 - regenerate - INFO -  第 3 个用例生成成功，用时 16.79s
2025-07-14 13:28:56,927 - httpx - INFO - HTTP Request: POST https://ark.cn-beijing.volces.com/api/v3/chat/completions "HTTP/1.1 200 OK"
2025-07-14 13:28:56,928 - regenerate - INFO -  第 28 个用例生成成功，用时 16.95s
2025-07-14 13:28:58,254 - httpx - INFO - HTTP Request: POST https://ark.cn-beijing.volces.com/api/v3/chat/completions "HTTP/1.1 200 OK"
2025-07-14 13:28:58,255 - regenerate - INFO -  第 4 个用例生成成功，用时 18.50s
2025-07-14 13:28:58,540 - httpx - INFO - HTTP Request: POST https://ark.cn-beijing.volces.com/api/v3/chat/completions "HTTP/1.1 200 OK"
2025-07-14 13:28:58,542 - regenerate - INFO -  第 10 个用例生成成功，用时 18.73s
2025-07-14 13:28:58,572 - httpx - INFO - HTTP Request: POST https://ark.cn-beijing.volces.com/api/v3/chat/completions "HTTP/1.1 200 OK"
2025-07-14 13:28:58,574 - regenerate - INFO -  第 27 个用例生成成功，用时 18.60s
2025-07-14 13:28:58,748 - httpx - INFO - HTTP Request: POST https://ark.cn-beijing.volces.com/api/v3/chat/completions "HTTP/1.1 200 OK"
2025-07-14 13:28:58,749 - regenerate - INFO -  第 5 个用例生成成功，用时 18.99s
2025-07-14 13:28:59,369 - httpx - INFO - HTTP Request: POST https://ark.cn-beijing.volces.com/api/v3/chat/completions "HTTP/1.1 200 OK"
2025-07-14 13:28:59,370 - regenerate - INFO -  第 15 个用例生成成功，用时 19.51s
2025-07-14 13:28:59,580 - httpx - INFO - HTTP Request: POST https://ark.cn-beijing.volces.com/api/v3/chat/completions "HTTP/1.1 200 OK"
2025-07-14 13:28:59,581 - regenerate - INFO -  第 32 个用例生成成功，用时 10.84s
2025-07-14 13:28:59,701 - httpx - INFO - HTTP Request: POST https://ark.cn-beijing.volces.com/api/v3/chat/completions "HTTP/1.1 200 OK"
2025-07-14 13:28:59,701 - regenerate - INFO -  第 11 个用例生成成功，用时 19.88s
2025-07-14 13:28:59,898 - httpx - INFO - HTTP Request: POST https://ark.cn-beijing.volces.com/api/v3/chat/completions "HTTP/1.1 200 OK"
2025-07-14 13:28:59,899 - regenerate - INFO -  第 25 个用例生成成功，用时 19.95s
2025-07-14 13:29:00,071 - httpx - INFO - HTTP Request: POST https://ark.cn-beijing.volces.com/api/v3/chat/completions "HTTP/1.1 200 OK"
2025-07-14 13:29:00,072 - regenerate - INFO -  第 6 个用例生成成功，用时 20.30s
2025-07-14 13:29:01,077 - httpx - INFO - HTTP Request: POST https://ark.cn-beijing.volces.com/api/v3/chat/completions "HTTP/1.1 200 OK"
2025-07-14 13:29:01,077 - regenerate - INFO -  第 24 个用例生成成功，用时 21.14s
2025-07-14 13:29:01,549 - httpx - INFO - HTTP Request: POST https://ark.cn-beijing.volces.com/api/v3/chat/completions "HTTP/1.1 200 OK"
2025-07-14 13:29:01,549 - regenerate - INFO -  第 36 个用例生成成功，用时 10.72s
2025-07-14 13:29:02,043 - httpx - INFO - HTTP Request: POST https://ark.cn-beijing.volces.com/api/v3/chat/completions "HTTP/1.1 200 OK"
2025-07-14 13:29:02,044 - regenerate - INFO -  第 34 个用例生成成功，用时 11.34s
2025-07-14 13:29:03,779 - httpx - INFO - HTTP Request: POST https://ark.cn-beijing.volces.com/api/v3/chat/completions "HTTP/1.1 200 OK"
2025-07-14 13:29:03,780 - regenerate - INFO -  第 31 个用例生成成功，用时 15.93s
2025-07-14 13:29:04,083 - httpx - INFO - HTTP Request: POST https://ark.cn-beijing.volces.com/api/v3/chat/completions "HTTP/1.1 200 OK"
2025-07-14 13:29:04,084 - regenerate - INFO -  第 33 个用例生成成功，用时 13.74s
2025-07-14 13:29:05,546 - httpx - INFO - HTTP Request: POST https://ark.cn-beijing.volces.com/api/v3/chat/completions "HTTP/1.1 200 OK"
2025-07-14 13:29:05,547 - regenerate - INFO -  第 35 个用例生成成功，用时 14.78s
2025-07-14 13:29:06,894 - httpx - INFO - HTTP Request: POST https://ark.cn-beijing.volces.com/api/v3/chat/completions "HTTP/1.1 200 OK"
2025-07-14 13:29:06,895 - regenerate - INFO -  第 37 个用例生成成功，用时 16.06s
2025-07-14 13:29:06,895 - regenerate - INFO - 重新生成测试用例完成，成功 37，失败 0
2025-07-14 13:29:06,897 - regenerate - INFO - [Step 5] 校验测试用例，移除高度一致的重复项
2025-07-14 13:29:06,897 - regenerate - INFO - [Step 5] 校验完成：未发现重复用例
2025-07-14 13:29:06,898 - main - INFO - 重新生成成功，耗时 56.18 秒
