2025-07-13 23:02:20,456 - __main__ - INFO - ==================================================
2025-07-13 23:02:20,457 - __main__ - INFO - 应用程序启动 - 日志系统初始化完成
2025-07-13 23:02:20,457 - __main__ - INFO - 日志文件路径: D:\pythonProject\generateTestCases\logs\app_20250713_230220.log
2025-07-13 23:02:20,457 - __main__ - INFO - ==================================================
2025-07-13 23:02:20,465 - __main__ - INFO - 启动 frpc: D:\pythonProject\generateTestCases\frpc.exe -c D:\pythonProject\generateTestCases\frpc.toml
2025-07-13 23:02:20,646 - __main__ - INFO - frpc 启动成功
2025-07-13 23:02:20,731 - main - INFO - ==================================================
2025-07-13 23:02:20,732 - main - INFO - 应用程序启动 - 日志系统初始化完成
2025-07-13 23:02:20,732 - main - INFO - 日志文件路径: D:\pythonProject\generateTestCases\logs\app_20250713_230220.log
2025-07-13 23:02:20,732 - main - INFO - ==================================================
2025-07-13 23:02:20,735 - uvicorn.error - INFO - Started server process [23432]
2025-07-13 23:02:20,735 - uvicorn.error - INFO - Waiting for application startup.
2025-07-13 23:02:20,736 - uvicorn.error - INFO - Application startup complete.
2025-07-13 23:02:20,736 - uvicorn.error - INFO - Uvicorn running on http://0.0.0.0:8080 (Press CTRL+C to quit)
2025-07-13 23:02:24,546 - httpx - INFO - HTTP Request: GET https://open.feishu.cn/open-apis/docx/v1/documents/HuGxdTBuSoIGPLxyVFxcYQlrnNd/blocks?limit=100 "HTTP/1.1 200 OK"
2025-07-13 23:02:24,996 - httpx - INFO - HTTP Request: GET https://open.feishu.cn/open-apis/drive/v1/medias/batch_get_tmp_download_url?file_tokens=TgEKbWEBAo8NLixzkxMchwptnpg "HTTP/1.1 200 OK"
2025-07-13 23:02:25,354 - httpx - INFO - HTTP Request: GET https://open.feishu.cn/open-apis/drive/v1/medias/batch_get_tmp_download_url?file_tokens=SkDEbgOKsoteNwxRDY1cvMAjndf "HTTP/1.1 200 OK"
2025-07-13 23:02:25,728 - httpx - INFO - HTTP Request: GET https://open.feishu.cn/open-apis/drive/v1/medias/batch_get_tmp_download_url?file_tokens=Y1zAbRUnxowpqyxEkfKc1t3Mnph "HTTP/1.1 200 OK"
2025-07-13 23:02:26,083 - httpx - INFO - HTTP Request: GET https://open.feishu.cn/open-apis/drive/v1/medias/batch_get_tmp_download_url?file_tokens=FmJybjFF3o2UVSxDTtbcGSdRnXd "HTTP/1.1 200 OK"
2025-07-13 23:02:26,472 - httpx - INFO - HTTP Request: GET https://open.feishu.cn/open-apis/drive/v1/medias/batch_get_tmp_download_url?file_tokens=IehHb80ino8l8Tx6VHAciwJwnse "HTTP/1.1 200 OK"
2025-07-13 23:02:26,475 - main - INFO - 提取的 PRD 文本:
## B端产品登录功能需求文档范文

### 1.1 功能概述

1.1.1 业务流程图

![image](https://internal-api-drive-stream.feishu.cn/space/api/box/stream/download/authcode/?code=NWExZGJiMmEwOWNiMTU4Mzc3YmExYTFjMDFiYmNhMWFfOTIxOGY5YjFkMjM5ZjRmZjE0YTMzYzBkY2U5MzJlZWNfSUQ6NzUyNDkzMzk1NzAyMTIzNzI1Ml8xNzUyNDE4OTQ0OjE3NTI1MDUzNDRfVjM)

1.1.2 功能架构

### 1.2 功能说明

1.2.1 账号登录

1.2.1.1 业务流程

用户打开登录网址进入登录页面；

输入登录账号、密码、验证码进行登录；

1.2.1.2 页面原型

![image](https://internal-api-drive-stream.feishu.cn/space/api/box/stream/download/authcode/?code=ODdlZDNiMzg2ZDUwNjRjMGRhMzMwNjg3NjdkMDBlNmVfZWZiMDYwNjRlMDc0OWVlYTRkMWIyNzc0MjczZTliNGRfSUQ6NzUyNDkzMzk1Mzk3MjIyNDAwMl8xNzUyNDE4OTQ1OjE3NTI1MDUzNDVfVjM)

1.2.1.3 逻辑说明

账号输入框：输入账号后显示清空操作按钮，点击清空按钮清空已输入的账号；

密码输入框：输入密码后显示密码明文查看按钮及清空按钮，鼠标按下明文查看按钮密码明文展示，鼠标松开后密文展示，点击清空按钮清空已输入密码；

验证码：验证码为4位随机的大写英文字母，单击验证码展示区域刷新验证码，验证码有效期为60秒；

所有输入框获取焦点时提示文字消失且边框变为绿色，失去焦点时恢复原状；

【登录】按钮：点击【登录】按钮时依次校验登录账号、密码、验证码，若某一项校验出问题则在对应输入框下方红字提醒用户错误原因，全部校验通过则成功登录并进入系统首页；

【找回密码】按钮：点击【找回密码】按钮跳转至找回密码页面；

账号首次成功登录时弹窗提示账号首次登录时需修改初始密码，点击【确定】按钮跳转至修改初始密码页面，初始密码修改后需要重新输入账号、密码、验证码进行登录；

1.2.2 重置初始密码

1.2.2.1 业务流程

用户初次成功登录账号后弹窗提示用户修改初始密码；

点击弹窗的【确定】按钮后页面跳转至重置初始密码页面；

1.2.2.2 页面原型

![image](https://internal-api-drive-stream.feishu.cn/space/api/box/stream/download/authcode/?code=OTQ2OTdhNjlhYjQ4MzVhMDRhOGFkNjc2YjY3ZGY1MDRfNDQ0Y2Y0MTQ1MDZjZDM5YzhkNWQ3YTQ0OTViOTY3ZTlfSUQ6NzUyNDkzMzk1NTY1NDg3NzE4Nl8xNzUyNDE4OTQ1OjE3NTI1MDUzNDVfVjM)

1.2.2.3 业务逻辑

新密码输入框：输入密码后显示密码明文查看按钮及清空按钮，鼠标按下明文查看按钮密码明文展示，鼠标松开后密文展示，点击清空按钮清空已输入密码；

确认密码：输入密码后显示密码明文查看按钮及清空按钮，鼠标按下明文查看按钮密码明文展示，鼠标松开后密文展示，点击清空按钮清空已输入密码；

验证码：点击【获取验证码】按钮向登录账号绑定手机号发送6位随机数字验证码，验证码已发送后【获取验证码】按钮展示60秒倒计时，倒计时结束后恢复原状，验证码有效期为60秒；

所有输入框获取焦点时提示文字消失且输入框边框变为绿色，失去焦点时恢复原状；

【取消】按钮：点击【取消】按钮取消修改初始密码，返回至登录页面；

【提交】按钮：点击【提交】按钮依次校验密码、验证码，若某一项校验出问题则在对应输入框下方红字提醒用户错误原因，全部校验通过则提示重置密码成功，然后返回至登录页面；

1.2.3 找回密码

1.2.3.1 业务流程

用户打开登录网址进入登录页面；

忘记登录密码后在登录页面页面点击【找回密码】按钮进入找回密码页面；

1.2.3.2 页面原型

![image](https://internal-api-drive-stream.feishu.cn/space/api/box/stream/download/authcode/?code=ZTM2YzJkYWQ2YWIzMzk4Y2QxNjE2N2ZjNzJkYWViZTdfOWUzODBiYTRhNjViY2U5ZGM0YWNjM2Y5ZjMyMzUwOWJfSUQ6NzUyNDkzMzk1MzM5NTAxNTcwOF8xNzUyNDE4OTQ2OjE3NTI1MDUzNDZfVjM)

1.2.3.3 业务逻辑

新密码输入框：输入密码后显示密码明文查看按钮及清空按钮，鼠标按下明文查看按钮密码明文展示，鼠标松开后密文展示，点击清空按钮清空已输入密码；

确认密码：输入密码后显示密码明文查看按钮及清空按钮，鼠标按下明文查看按钮密码明文展示，鼠标松开后密文展示，点击清空按钮清空已输入密码；

验证码：点击【获取验证码】按钮向登录账号绑定手机号发送6位随机数字验证码，验证码已发送后【获取验证码】按钮展示60秒倒计时，倒计时结束后恢复原状，验证码有效期为60秒；

所有输入框获取焦点时提示文字消失且输入框边框变为绿色，失去焦点时恢复原状；

【取消】按钮：点击【取消】按钮取消修改初始密码，返回至登录页面；

【提交】按钮：点击【提交】按钮依次校验密码、验证码，若某一项校验出问题则在对应输入框下方红字提醒用户错误原因，全部校验通过则提示重置密码成功，然后返回至登录页面；

1.2.4 修改密码

1.2.4.1 业务流程

用户成功登录账号；

在我的页面选择修改密码进入修改密码页面；

1.2.4.2 页面原型

![image](https://internal-api-drive-stream.feishu.cn/space/api/box/stream/download/authcode/?code=ZjcwMDc0YjhmZWU0MTM4YzBlODZiMzgyZWE1NzE0NmZfYTc0MGE3MWJlMjYwZjM2YTI2ZGVmZjZiMDcyN2JlNjhfSUQ6NzUyNDkzMzk1NzE1OTM1NDM5Nl8xNzUyNDE4OTQ2OjE3NTI1MDUzNDZfVjM)

1.2.4.3 业务逻辑

原密码输入框：输入密码后显示密码明文查看按钮及清空按钮，鼠标按下明文查看按钮密码明文展示，鼠标松开后密文展示，点击清空按钮清空已输入密码；

新密码输入框：输入密码后显示密码明文查看按钮及清空按钮，鼠标按下明文查看按钮密码明文展示，鼠标松开后密文展示，点击清空按钮清空已输入密码；

确认密码：输入密码后显示密码明文查看按钮及清空按钮，鼠标按下明文查看按钮密码明文展示，鼠标松开后密文展示，点击清空按钮清空已输入密码；

验证码：点击【获取验证码】按钮向登录账号绑定手机号发送6位随机数字验证码，验证码已发送后【获取验证码】按钮展示60秒倒计时，倒计时结束后恢复原状，验证码有效期为60秒；

所有输入框获取焦点时提示文字消失且输入框边框变为绿色，失去焦点时恢复原状；

【取消】按钮：点击【取消】按钮取消修改密码，返回至我的页面；

【提交】按钮：点击【提交】按钮依次校验密码、验证码，若某一项校验出问题则在对应输入框下方红字提醒用户错误原因，全部校验通过则提示重置密码成功；


2025-07-13 23:02:26,477 - main - INFO - 调用图谱重新生成测试用例
2025-07-13 23:02:26,488 - regenerate - INFO - [Step 1] 开始处理图像内容
2025-07-13 23:02:26,489 - regenerate - INFO - [Step 1] 发现 5 张图片，开始识别...
2025-07-13 23:02:26,489 - regenerate - INFO -   处理图片 1/5: https://internal-api-drive-stream.feishu.cn/space/...
2025-07-13 23:02:26,980 - httpx - INFO - HTTP Request: POST https://ark.cn-beijing.volces.com/api/v3/chat/completions "HTTP/1.1 400 Bad Request"
2025-07-13 23:02:26,984 - regenerate - WARNING -   图片尺寸过大，使用替代描述: https://internal-api-drive-stream.feishu.cn/space/api/box/stream/download/authcode/?code=NWExZGJiMmEwOWNiMTU4Mzc3YmExYTFjMDFiYmNhMWFfOTIxOGY5YjFkMjM5ZjRmZjE0YTMzYzBkY2U5MzJlZWNfSUQ6NzUyNDkzMzk1NzAyMTIzNzI1Ml8xNzUyNDE4OTQ0OjE3NTI1MDUzNDRfVjM
2025-07-13 23:02:26,984 - regenerate - INFO -   处理图片 2/5: https://internal-api-drive-stream.feishu.cn/space/...
2025-07-13 23:02:32,598 - httpx - INFO - HTTP Request: POST https://ark.cn-beijing.volces.com/api/v3/chat/completions "HTTP/1.1 200 OK"
2025-07-13 23:02:32,599 - regenerate - INFO -   处理图片 3/5: https://internal-api-drive-stream.feishu.cn/space/...
2025-07-13 23:02:38,754 - httpx - INFO - HTTP Request: POST https://ark.cn-beijing.volces.com/api/v3/chat/completions "HTTP/1.1 200 OK"
2025-07-13 23:02:38,755 - regenerate - INFO -   处理图片 4/5: https://internal-api-drive-stream.feishu.cn/space/...
2025-07-13 23:02:44,140 - httpx - INFO - HTTP Request: POST https://ark.cn-beijing.volces.com/api/v3/chat/completions "HTTP/1.1 200 OK"
2025-07-13 23:02:44,141 - regenerate - INFO -   处理图片 5/5: https://internal-api-drive-stream.feishu.cn/space/...
2025-07-13 23:02:49,341 - httpx - INFO - HTTP Request: POST https://ark.cn-beijing.volces.com/api/v3/chat/completions "HTTP/1.1 200 OK"
2025-07-13 23:02:49,343 - regenerate - INFO - [Step 1] 图像处理完成，共处理 5 张图片
2025-07-13 23:02:49,343 - regenerate - INFO - ## B端产品登录功能需求文档范文

### 1.1 功能概述

1.1.1 业务流程图

【图像描述】页面结构示意图

1.1.2 功能架构

### 1.2 功能说明

1.2.1 账号登录

1.2.1.1 业务流程

用户打开登录网址进入登录页面；

输入登录账号、密码、验证码进行登录；

1.2.1.2 页面原型

【图像描述】### 登录模块
- 步骤1：用户进入登录页。
- 关键控件：
  - 登录账号输入框：输入登录账号。
  - 登录密码输入框：输入登录密码，支持点击眼睛图标切换密码可见性。
  - 验证码输入框：输入验证码。
  - 登录按钮：点击后触发登录验证。
- 状态提示：无。

### 注册模块
- 步骤1：用户进入注册页。
- 关键控件：
  - 登录账号输入框：输入登录账号。
  - 登录密码输入框：输入登录密码。
  - 确认密码输入框：再次输入登录密码。
  - 验证码输入框：输入验证码。
  - 获取验证码按钮：点击后获取验证码。
  - 取消按钮：点击后取消注册。
  - 提交按钮：点击后触发注册验证。
- 状态提示：无。

### 首次登录模块
- 步骤1：用户首次登录。
- 关键控件：
  - 登录账号输入框：输入登录账号。
  - 登录密码输入框：输入登录密码，支持点击眼睛图标切换密码可见性。
  - 验证码输入框：输入验证码。
  - 登录按钮：点击后触发登录验证。
- 状态提示：
  - 弹出提示框：“账号首次登录时需要重置初始密码！”
  - 确认按钮：点击后确认提示。

1.2.1.3 逻辑说明

账号输入框：输入账号后显示清空操作按钮，点击清空按钮清空已输入的账号；

密码输入框：输入密码后显示密码明文查看按钮及清空按钮，鼠标按下明文查看按钮密码明文展示，鼠标松开后密文展示，点击清空按钮清空已输入密码；

验证码：验证码为4位随机的大写英文字母，单击验证码展示区域刷新验证码，验证码有效期为60秒；

所有输入框获取焦点时提示文字消失且边框变为绿色，失去焦点时恢复原状；

【登录】按钮：点击【登录】按钮时依次校验登录账号、密码、验证码，若某一项校验出问题则在对应输入框下方红字提醒用户错误原因，全部校验通过则成功登录并进入系统首页；

【找回密码】按钮：点击【找回密码】按钮跳转至找回密码页面；

账号首次成功登录时弹窗提示账号首次登录时需修改初始密码，点击【确定】按钮跳转至修改初始密码页面，初始密码修改后需要重新输入账号、密码、验证码进行登录；

1.2.2 重置初始密码

1.2.2.1 业务流程

用户初次成功登录账号后弹窗提示用户修改初始密码；

点击弹窗的【确定】按钮后页面跳转至重置初始密码页面；

1.2.2.2 页面原型

【图像描述】模块名：修改初始密码页面
核心交互：
步骤1：用户进入修改初始密码页面
步骤2：输入新密码
步骤3：再次输入确认密码
步骤4：输入验证短信
步骤5：点击“提交”按钮（或点击“取消”按钮）
关键控件：
新密码输入框：输入8-10位密码，至少包括数字、小写字母、大写字母、特殊符号中的两种
确认密码输入框：再次输入8-10位密码，至少包括数字、小写字母、大写字母、特殊符号中的两种
验证短信输入框：输入验证码
获取验证码按钮：点击后获取验证短信
取消按钮：点击后取消修改密码操作
提交按钮：点击后提交修改密码信息
状态提示：
（假设存在，图中未明确显示）
- 输入密码不符合规则时，输入框下方显示提示：“至少包括数字、小写字母、大写字母、特殊符号中的两种”
- 点击“获取验证码”后，按钮可能显示倒计时或加载状态
- 点击“提交”后，可能显示提交成功或失败提示（如成功则跳转至相关页面，失败则提示具体错误）

1.2.2.3 业务逻辑

新密码输入框：输入密码后显示密码明文查看按钮及清空按钮，鼠标按下明文查看按钮密码明文展示，鼠标松开后密文展示，点击清空按钮清空已输入密码；

确认密码：输入密码后显示密码明文查看按钮及清空按钮，鼠标按下明文查看按钮密码明文展示，鼠标松开后密文展示，点击清空按钮清空已输入密码；

验证码：点击【获取验证码】按钮向登录账号绑定手机号发送6位随机数字验证码，验证码已发送后【获取验证码】按钮展示60秒倒计时，倒计时结束后恢复原状，验证码有效期为60秒；

所有输入框获取焦点时提示文字消失且输入框边框变为绿色，失去焦点时恢复原状；

【取消】按钮：点击【取消】按钮取消修改初始密码，返回至登录页面；

【提交】按钮：点击【提交】按钮依次校验密码、验证码，若某一项校验出问题则在对应输入框下方红字提醒用户错误原因，全部校验通过则提示重置密码成功，然后返回至登录页面；

1.2.3 找回密码

1.2.3.1 业务流程

用户打开登录网址进入登录页面；

忘记登录密码后在登录页面页面点击【找回密码】按钮进入找回密码页面；

1.2.3.2 页面原型

【图像描述】模块名：找回密码模块  
核心交互：  
步骤1：用户进入找回密码页面  
步骤2：输入登录账号（手机号）  
步骤3：输入新密码（8-10位，至少包含数字、小写字母、大写字母、特殊符号中的两种）  
步骤4：再次输入确认密码（与新密码一致）  
步骤5：点击“获取验证码”获取验证短信  
步骤6：输入收到的验证码  
步骤7：点击“提交”按钮提交信息或点击“取消”按钮放弃操作  

关键控件：  
- 登录账号输入框：输入手机号  
- 新密码输入框：输入8-10位新密码，需包含至少两种字符类型（数字、小写字母、大写字母、特殊符号）  
- 确认密码输入框：再次输入新密码以确认  
- 验证码输入框：输入收到的短信验证码  
- “获取验证码”按钮：点击获取验证短信  
- “取消”按钮：点击放弃找回密码操作  
- “提交”按钮：点击提交找回密码信息  

状态提示（假设）：  
- 输入不符合规则的密码时，输入框旁显示提示：“至少包括数字、小写字母、大写字母、特殊符号中的两种”  
- 验证码错误时，验证码输入框旁显示错误提示  
- 提交成功时，跳转至登录页或显示成功提示；提交失败时，显示对应错误提示（如“验证码错误”“密码不符合规则”等）

1.2.3.3 业务逻辑

新密码输入框：输入密码后显示密码明文查看按钮及清空按钮，鼠标按下明文查看按钮密码明文展示，鼠标松开后密文展示，点击清空按钮清空已输入密码；

确认密码：输入密码后显示密码明文查看按钮及清空按钮，鼠标按下明文查看按钮密码明文展示，鼠标松开后密文展示，点击清空按钮清空已输入密码；

验证码：点击【获取验证码】按钮向登录账号绑定手机号发送6位随机数字验证码，验证码已发送后【获取验证码】按钮展示60秒倒计时，倒计时结束后恢复原状，验证码有效期为60秒；

所有输入框获取焦点时提示文字消失且输入框边框变为绿色，失去焦点时恢复原状；

【取消】按钮：点击【取消】按钮取消修改初始密码，返回至登录页面；

【提交】按钮：点击【提交】按钮依次校验密码、验证码，若某一项校验出问题则在对应输入框下方红字提醒用户错误原因，全部校验通过则提示重置密码成功，然后返回至登录页面；

1.2.4 修改密码

1.2.4.1 业务流程

用户成功登录账号；

在我的页面选择修改密码进入修改密码页面；

1.2.4.2 页面原型

【图像描述】### 密码修改模块
#### 核心交互
步骤1：用户进入密码修改页面→输入原密码  
步骤2：输入新密码（8-10位，至少包括数字、小写字母、大写字母、特殊符号中的两种）  
步骤3：再次输入确认密码（8-10位，至少包括数字、小写字母、大写字母、特殊符号中的两种）  
步骤4：点击“获取验证码”→输入验证短信  
步骤5：点击“提交”  

#### 关键控件
- 原密码输入框：输入原登录密码  
- 新密码输入框：输入8-10位新密码，至少包括数字、小写字母、大写字母、特殊符号中的两种  
- 确认密码输入框：输入8-10位确认密码，至少包括数字、小写字母、大写字母、特殊符号中的两种  
- 验证短信输入框：输入验证码  
- 获取验证码按钮：点击获取验证码  
- 取消按钮：点击取消密码修改操作  
- 提交按钮：点击提交修改密码信息  

#### 状态提示
- 输入不符合要求时（如密码长度不足、未包含两种类型字符等），对应输入框下方显示提示（如“请输入8-10位密码，至少包括数字、小写字母、大写字母、特殊符号中的两种”）  
- 提交成功时，执行密码修改操作；提交失败时，提示失败原因（如“原密码错误”“两次密码不一致”“验证码错误”等）

1.2.4.3 业务逻辑

原密码输入框：输入密码后显示密码明文查看按钮及清空按钮，鼠标按下明文查看按钮密码明文展示，鼠标松开后密文展示，点击清空按钮清空已输入密码；

新密码输入框：输入密码后显示密码明文查看按钮及清空按钮，鼠标按下明文查看按钮密码明文展示，鼠标松开后密文展示，点击清空按钮清空已输入密码；

确认密码：输入密码后显示密码明文查看按钮及清空按钮，鼠标按下明文查看按钮密码明文展示，鼠标松开后密文展示，点击清空按钮清空已输入密码；

验证码：点击【获取验证码】按钮向登录账号绑定手机号发送6位随机数字验证码，验证码已发送后【获取验证码】按钮展示60秒倒计时，倒计时结束后恢复原状，验证码有效期为60秒；

所有输入框获取焦点时提示文字消失且输入框边框变为绿色，失去焦点时恢复原状；

【取消】按钮：点击【取消】按钮取消修改密码，返回至我的页面；

【提交】按钮：点击【提交】按钮依次校验密码、验证码，若某一项校验出问题则在对应输入框下方红字提醒用户错误原因，全部校验通过则提示重置密码成功；


2025-07-13 23:02:49,345 - regenerate - INFO - [Step 2] 尝试直接从 PRD 文本提取标题
2025-07-13 23:02:49,346 - regenerate - INFO - [Step 2] 提取标题成功: B端产品登录功能需求文档范文
2025-07-13 23:02:49,347 - regenerate - INFO - [重新生成 Step 3] 根据评测报告和反馈生成新的测试点
2025-07-13 23:04:10,606 - httpx - INFO - HTTP Request: POST https://ark.cn-beijing.volces.com/api/v3/chat/completions "HTTP/1.1 200 OK"
2025-07-13 23:04:10,607 - regenerate - INFO - [重新生成 Step 4] 根据新的测试点生成测试用例
2025-07-13 23:04:10,607 - regenerate - INFO - 生成第 1 个用例，第 1 次尝试
2025-07-13 23:04:10,615 - regenerate - INFO - 生成第 2 个用例，第 1 次尝试
2025-07-13 23:04:10,626 - regenerate - INFO - 生成第 3 个用例，第 1 次尝试
2025-07-13 23:04:10,634 - regenerate - INFO - 生成第 4 个用例，第 1 次尝试
2025-07-13 23:04:10,642 - regenerate - INFO - 生成第 5 个用例，第 1 次尝试
2025-07-13 23:04:10,652 - regenerate - INFO - 生成第 6 个用例，第 1 次尝试
2025-07-13 23:04:10,662 - regenerate - INFO - 生成第 7 个用例，第 1 次尝试
2025-07-13 23:04:10,671 - regenerate - INFO - 生成第 8 个用例，第 1 次尝试
2025-07-13 23:04:10,679 - regenerate - INFO - 生成第 9 个用例，第 1 次尝试
2025-07-13 23:04:10,688 - regenerate - INFO - 生成第 10 个用例，第 1 次尝试
2025-07-13 23:04:10,696 - regenerate - INFO - 生成第 11 个用例，第 1 次尝试
2025-07-13 23:04:10,705 - regenerate - INFO - 生成第 12 个用例，第 1 次尝试
2025-07-13 23:04:10,713 - regenerate - INFO - 生成第 13 个用例，第 1 次尝试
2025-07-13 23:04:10,726 - regenerate - INFO - 生成第 14 个用例，第 1 次尝试
2025-07-13 23:04:10,736 - regenerate - INFO - 生成第 15 个用例，第 1 次尝试
2025-07-13 23:04:10,745 - regenerate - INFO - 生成第 16 个用例，第 1 次尝试
2025-07-13 23:04:10,753 - regenerate - INFO - 生成第 17 个用例，第 1 次尝试
2025-07-13 23:04:10,762 - regenerate - INFO - 生成第 18 个用例，第 1 次尝试
2025-07-13 23:04:10,770 - regenerate - INFO - 生成第 19 个用例，第 1 次尝试
2025-07-13 23:04:10,778 - regenerate - INFO - 生成第 20 个用例，第 1 次尝试
2025-07-13 23:04:10,788 - regenerate - INFO - 生成第 21 个用例，第 1 次尝试
2025-07-13 23:04:10,799 - regenerate - INFO - 生成第 22 个用例，第 1 次尝试
2025-07-13 23:04:10,808 - regenerate - INFO - 生成第 23 个用例，第 1 次尝试
2025-07-13 23:04:10,816 - regenerate - INFO - 生成第 24 个用例，第 1 次尝试
2025-07-13 23:04:10,825 - regenerate - INFO - 生成第 25 个用例，第 1 次尝试
2025-07-13 23:04:10,835 - regenerate - INFO - 生成第 26 个用例，第 1 次尝试
2025-07-13 23:04:10,843 - regenerate - INFO - 生成第 27 个用例，第 1 次尝试
2025-07-13 23:04:10,854 - regenerate - INFO - 生成第 28 个用例，第 1 次尝试
2025-07-13 23:04:10,863 - regenerate - INFO - 生成第 29 个用例，第 1 次尝试
2025-07-13 23:04:10,872 - regenerate - INFO - 生成第 30 个用例，第 1 次尝试
2025-07-13 23:04:17,824 - httpx - INFO - HTTP Request: POST https://ark.cn-beijing.volces.com/api/v3/chat/completions "HTTP/1.1 200 OK"
2025-07-13 23:04:17,824 - regenerate - INFO -  第 25 个用例生成成功，用时 7.00s
2025-07-13 23:04:17,824 - regenerate - INFO - 生成第 31 个用例，第 1 次尝试
2025-07-13 23:04:18,959 - httpx - INFO - HTTP Request: POST https://ark.cn-beijing.volces.com/api/v3/chat/completions "HTTP/1.1 200 OK"
2025-07-13 23:04:18,959 - regenerate - INFO -  第 2 个用例生成成功，用时 8.34s
2025-07-13 23:04:18,959 - regenerate - INFO - 生成第 32 个用例，第 1 次尝试
2025-07-13 23:04:19,371 - httpx - INFO - HTTP Request: POST https://ark.cn-beijing.volces.com/api/v3/chat/completions "HTTP/1.1 200 OK"
2025-07-13 23:04:19,371 - regenerate - INFO -  第 17 个用例生成成功，用时 8.62s
2025-07-13 23:04:19,371 - regenerate - INFO - 生成第 33 个用例，第 1 次尝试
2025-07-13 23:04:19,695 - httpx - INFO - HTTP Request: POST https://ark.cn-beijing.volces.com/api/v3/chat/completions "HTTP/1.1 200 OK"
2025-07-13 23:04:19,696 - regenerate - INFO -  第 14 个用例生成成功，用时 8.97s
2025-07-13 23:04:19,696 - regenerate - INFO - 生成第 34 个用例，第 1 次尝试
2025-07-13 23:04:19,969 - httpx - INFO - HTTP Request: POST https://ark.cn-beijing.volces.com/api/v3/chat/completions "HTTP/1.1 200 OK"
2025-07-13 23:04:19,970 - regenerate - INFO -  第 16 个用例生成成功，用时 9.23s
2025-07-13 23:04:19,970 - regenerate - INFO - 生成第 35 个用例，第 1 次尝试
2025-07-13 23:04:19,980 - httpx - INFO - HTTP Request: POST https://ark.cn-beijing.volces.com/api/v3/chat/completions "HTTP/1.1 200 OK"
2025-07-13 23:04:19,981 - regenerate - INFO -  第 7 个用例生成成功，用时 9.32s
2025-07-13 23:04:19,981 - regenerate - INFO - 生成第 36 个用例，第 1 次尝试
2025-07-13 23:04:20,344 - httpx - INFO - HTTP Request: POST https://ark.cn-beijing.volces.com/api/v3/chat/completions "HTTP/1.1 200 OK"
2025-07-13 23:04:20,345 - regenerate - INFO -  第 24 个用例生成成功，用时 9.53s
2025-07-13 23:04:20,345 - regenerate - INFO - 生成第 37 个用例，第 1 次尝试
2025-07-13 23:04:20,551 - httpx - INFO - HTTP Request: POST https://ark.cn-beijing.volces.com/api/v3/chat/completions "HTTP/1.1 200 OK"
2025-07-13 23:04:20,551 - regenerate - INFO -  第 5 个用例生成成功，用时 9.91s
2025-07-13 23:04:20,551 - regenerate - INFO - 生成第 38 个用例，第 1 次尝试
2025-07-13 23:04:20,724 - httpx - INFO - HTTP Request: POST https://ark.cn-beijing.volces.com/api/v3/chat/completions "HTTP/1.1 200 OK"
2025-07-13 23:04:20,725 - regenerate - INFO -  第 11 个用例生成成功，用时 10.03s
2025-07-13 23:04:20,725 - regenerate - INFO - 生成第 39 个用例，第 1 次尝试
2025-07-13 23:04:21,218 - httpx - INFO - HTTP Request: POST https://ark.cn-beijing.volces.com/api/v3/chat/completions "HTTP/1.1 200 OK"
2025-07-13 23:04:21,218 - regenerate - INFO -  第 28 个用例生成成功，用时 10.36s
2025-07-13 23:04:21,218 - regenerate - INFO - 生成第 40 个用例，第 1 次尝试
2025-07-13 23:04:21,485 - httpx - INFO - HTTP Request: POST https://ark.cn-beijing.volces.com/api/v3/chat/completions "HTTP/1.1 200 OK"
2025-07-13 23:04:21,486 - regenerate - INFO -  第 19 个用例生成成功，用时 10.72s
2025-07-13 23:04:21,799 - httpx - INFO - HTTP Request: POST https://ark.cn-beijing.volces.com/api/v3/chat/completions "HTTP/1.1 200 OK"
2025-07-13 23:04:21,799 - regenerate - INFO -  第 26 个用例生成成功，用时 10.96s
2025-07-13 23:04:21,877 - httpx - INFO - HTTP Request: POST https://ark.cn-beijing.volces.com/api/v3/chat/completions "HTTP/1.1 200 OK"
2025-07-13 23:04:21,878 - regenerate - INFO -  第 1 个用例生成成功，用时 11.27s
2025-07-13 23:04:22,307 - httpx - INFO - HTTP Request: POST https://ark.cn-beijing.volces.com/api/v3/chat/completions "HTTP/1.1 200 OK"
2025-07-13 23:04:22,308 - regenerate - INFO -  第 6 个用例生成成功，用时 11.66s
2025-07-13 23:04:22,367 - httpx - INFO - HTTP Request: POST https://ark.cn-beijing.volces.com/api/v3/chat/completions "HTTP/1.1 200 OK"
2025-07-13 23:04:22,368 - regenerate - INFO -  第 30 个用例生成成功，用时 11.50s
2025-07-13 23:04:22,433 - httpx - INFO - HTTP Request: POST https://ark.cn-beijing.volces.com/api/v3/chat/completions "HTTP/1.1 200 OK"
2025-07-13 23:04:22,434 - regenerate - INFO -  第 12 个用例生成成功，用时 11.73s
2025-07-13 23:04:22,714 - httpx - INFO - HTTP Request: POST https://ark.cn-beijing.volces.com/api/v3/chat/completions "HTTP/1.1 200 OK"
2025-07-13 23:04:22,715 - regenerate - INFO -  第 20 个用例生成成功，用时 11.94s
2025-07-13 23:04:23,230 - httpx - INFO - HTTP Request: POST https://ark.cn-beijing.volces.com/api/v3/chat/completions "HTTP/1.1 200 OK"
2025-07-13 23:04:23,231 - regenerate - INFO -  第 22 个用例生成成功，用时 12.43s
2025-07-13 23:04:23,352 - httpx - INFO - HTTP Request: POST https://ark.cn-beijing.volces.com/api/v3/chat/completions "HTTP/1.1 200 OK"
2025-07-13 23:04:23,353 - regenerate - INFO -  第 27 个用例生成成功，用时 12.51s
2025-07-13 23:04:23,382 - httpx - INFO - HTTP Request: POST https://ark.cn-beijing.volces.com/api/v3/chat/completions "HTTP/1.1 200 OK"
2025-07-13 23:04:23,383 - regenerate - INFO -  第 8 个用例生成成功，用时 12.71s
2025-07-13 23:04:23,445 - httpx - INFO - HTTP Request: POST https://ark.cn-beijing.volces.com/api/v3/chat/completions "HTTP/1.1 200 OK"
2025-07-13 23:04:23,446 - regenerate - INFO -  第 10 个用例生成成功，用时 12.76s
2025-07-13 23:04:23,601 - httpx - INFO - HTTP Request: POST https://ark.cn-beijing.volces.com/api/v3/chat/completions "HTTP/1.1 200 OK"
2025-07-13 23:04:23,602 - regenerate - INFO -  第 29 个用例生成成功，用时 12.74s
2025-07-13 23:04:23,965 - httpx - INFO - HTTP Request: POST https://ark.cn-beijing.volces.com/api/v3/chat/completions "HTTP/1.1 200 OK"
2025-07-13 23:04:23,966 - regenerate - INFO -  第 18 个用例生成成功，用时 13.20s
2025-07-13 23:04:24,467 - httpx - INFO - HTTP Request: POST https://ark.cn-beijing.volces.com/api/v3/chat/completions "HTTP/1.1 200 OK"
2025-07-13 23:04:24,467 - regenerate - INFO -  第 3 个用例生成成功，用时 13.84s
2025-07-13 23:04:24,762 - httpx - INFO - HTTP Request: POST https://ark.cn-beijing.volces.com/api/v3/chat/completions "HTTP/1.1 200 OK"
2025-07-13 23:04:24,762 - regenerate - INFO -  第 13 个用例生成成功，用时 14.05s
2025-07-13 23:04:25,624 - httpx - INFO - HTTP Request: POST https://ark.cn-beijing.volces.com/api/v3/chat/completions "HTTP/1.1 200 OK"
2025-07-13 23:04:25,626 - regenerate - INFO -  第 9 个用例生成成功，用时 14.95s
2025-07-13 23:04:26,477 - httpx - INFO - HTTP Request: POST https://ark.cn-beijing.volces.com/api/v3/chat/completions "HTTP/1.1 200 OK"
2025-07-13 23:04:26,478 - regenerate - INFO -  第 15 个用例生成成功，用时 15.74s
2025-07-13 23:04:27,373 - httpx - INFO - HTTP Request: POST https://ark.cn-beijing.volces.com/api/v3/chat/completions "HTTP/1.1 200 OK"
2025-07-13 23:04:27,374 - regenerate - INFO -  第 4 个用例生成成功，用时 16.74s
2025-07-13 23:04:27,810 - httpx - INFO - HTTP Request: POST https://ark.cn-beijing.volces.com/api/v3/chat/completions "HTTP/1.1 200 OK"
2025-07-13 23:04:27,811 - regenerate - INFO -  第 21 个用例生成成功，用时 17.02s
2025-07-13 23:04:27,994 - httpx - INFO - HTTP Request: POST https://ark.cn-beijing.volces.com/api/v3/chat/completions "HTTP/1.1 200 OK"
2025-07-13 23:04:27,995 - regenerate - INFO -  第 23 个用例生成成功，用时 17.19s
2025-07-13 23:04:28,567 - httpx - INFO - HTTP Request: POST https://ark.cn-beijing.volces.com/api/v3/chat/completions "HTTP/1.1 200 OK"
2025-07-13 23:04:28,567 - regenerate - INFO -  第 34 个用例生成成功，用时 8.87s
2025-07-13 23:04:29,146 - httpx - INFO - HTTP Request: POST https://ark.cn-beijing.volces.com/api/v3/chat/completions "HTTP/1.1 200 OK"
2025-07-13 23:04:29,147 - regenerate - INFO -  第 37 个用例生成成功，用时 8.80s
2025-07-13 23:04:30,241 - httpx - INFO - HTTP Request: POST https://ark.cn-beijing.volces.com/api/v3/chat/completions "HTTP/1.1 200 OK"
2025-07-13 23:04:30,242 - regenerate - INFO -  第 31 个用例生成成功，用时 12.42s
2025-07-13 23:04:32,395 - httpx - INFO - HTTP Request: POST https://ark.cn-beijing.volces.com/api/v3/chat/completions "HTTP/1.1 200 OK"
2025-07-13 23:04:32,398 - regenerate - INFO -  第 38 个用例生成成功，用时 11.85s
2025-07-13 23:04:33,126 - httpx - INFO - HTTP Request: POST https://ark.cn-beijing.volces.com/api/v3/chat/completions "HTTP/1.1 200 OK"
2025-07-13 23:04:33,127 - regenerate - INFO -  第 36 个用例生成成功，用时 13.15s
2025-07-13 23:04:33,758 - httpx - INFO - HTTP Request: POST https://ark.cn-beijing.volces.com/api/v3/chat/completions "HTTP/1.1 200 OK"
2025-07-13 23:04:33,759 - regenerate - INFO -  第 35 个用例生成成功，用时 13.79s
2025-07-13 23:04:34,651 - httpx - INFO - HTTP Request: POST https://ark.cn-beijing.volces.com/api/v3/chat/completions "HTTP/1.1 200 OK"
2025-07-13 23:04:34,651 - regenerate - INFO -  第 33 个用例生成成功，用时 15.28s
2025-07-13 23:04:35,170 - httpx - INFO - HTTP Request: POST https://ark.cn-beijing.volces.com/api/v3/chat/completions "HTTP/1.1 200 OK"
2025-07-13 23:04:35,170 - regenerate - INFO -  第 40 个用例生成成功，用时 13.95s
2025-07-13 23:04:38,444 - httpx - INFO - HTTP Request: POST https://ark.cn-beijing.volces.com/api/v3/chat/completions "HTTP/1.1 200 OK"
2025-07-13 23:04:38,445 - regenerate - INFO -  第 32 个用例生成成功，用时 19.49s
2025-07-13 23:04:40,156 - httpx - INFO - HTTP Request: POST https://ark.cn-beijing.volces.com/api/v3/chat/completions "HTTP/1.1 200 OK"
2025-07-13 23:04:40,157 - regenerate - INFO -  第 39 个用例生成成功，用时 19.43s
2025-07-13 23:04:40,157 - regenerate - INFO - 重新生成测试用例完成，成功 40，失败 0
2025-07-13 23:04:40,158 - regenerate - INFO - [Step 5] 校验测试用例，移除高度一致的重复项
2025-07-13 23:04:40,158 - regenerate - INFO - [Step 5] 校验完成：未发现重复用例
2025-07-13 23:04:40,158 - main - INFO - 重新生成成功，耗时 133.68 秒
2025-07-13 23:05:41,306 - uvicorn.error - INFO - Shutting down
2025-07-13 23:05:41,415 - uvicorn.error - INFO - Waiting for application shutdown.
2025-07-13 23:05:41,415 - uvicorn.error - INFO - Application shutdown complete.
2025-07-13 23:05:41,415 - uvicorn.error - INFO - Finished server process [23432]
