2025-07-12 13:55:49,498 - __main__ - INFO - ==================================================
2025-07-12 13:55:49,498 - __main__ - INFO - 应用程序启动 - 日志系统初始化完成
2025-07-12 13:55:49,498 - __main__ - INFO - 日志文件路径: D:\pythonProject\generateTestCases\logs\app_20250712_135549.log
2025-07-12 13:55:49,498 - __main__ - INFO - ==================================================
2025-07-12 13:55:49,502 - __main__ - INFO - 启动 frpc: D:\pythonProject\generateTestCases\frpc.exe -c D:\pythonProject\generateTestCases\frpc.toml
2025-07-12 13:55:49,547 - __main__ - INFO - frpc 启动成功
2025-07-12 13:55:49,589 - main - INFO - ==================================================
2025-07-12 13:55:49,590 - main - INFO - 应用程序启动 - 日志系统初始化完成
2025-07-12 13:55:49,590 - main - INFO - 日志文件路径: D:\pythonProject\generateTestCases\logs\app_20250712_135549.log
2025-07-12 13:55:49,590 - main - INFO - ==================================================
2025-07-12 13:55:49,592 - uvicorn.error - INFO - Started server process [14924]
2025-07-12 13:55:49,592 - uvicorn.error - INFO - Waiting for application startup.
2025-07-12 13:55:49,593 - uvicorn.error - INFO - Application startup complete.
2025-07-12 13:55:49,593 - uvicorn.error - INFO - Uvicorn running on http://0.0.0.0:8080 (Press CTRL+C to quit)
2025-07-12 13:58:40,825 - main - INFO - 开始重新生成测试用例，使用 document_id=HuGxdTBuSoIGPLxyVFxcYQlrnNd
2025-07-12 13:58:41,321 - httpx - INFO - HTTP Request: GET https://open.feishu.cn/open-apis/docx/v1/documents/HuGxdTBuSoIGPLxyVFxcYQlrnNd/blocks?limit=100 "HTTP/1.1 200 OK"
2025-07-12 13:58:41,787 - httpx - INFO - HTTP Request: GET https://open.feishu.cn/open-apis/drive/v1/medias/batch_get_tmp_download_url?file_tokens=TgEKbWEBAo8NLixzkxMchwptnpg "HTTP/1.1 200 OK"
2025-07-12 13:58:42,157 - httpx - INFO - HTTP Request: GET https://open.feishu.cn/open-apis/drive/v1/medias/batch_get_tmp_download_url?file_tokens=SkDEbgOKsoteNwxRDY1cvMAjndf "HTTP/1.1 200 OK"
2025-07-12 13:58:42,523 - httpx - INFO - HTTP Request: GET https://open.feishu.cn/open-apis/drive/v1/medias/batch_get_tmp_download_url?file_tokens=Y1zAbRUnxowpqyxEkfKc1t3Mnph "HTTP/1.1 200 OK"
2025-07-12 13:58:42,870 - httpx - INFO - HTTP Request: GET https://open.feishu.cn/open-apis/drive/v1/medias/batch_get_tmp_download_url?file_tokens=FmJybjFF3o2UVSxDTtbcGSdRnXd "HTTP/1.1 200 OK"
2025-07-12 13:58:43,283 - httpx - INFO - HTTP Request: GET https://open.feishu.cn/open-apis/drive/v1/medias/batch_get_tmp_download_url?file_tokens=IehHb80ino8l8Tx6VHAciwJwnse "HTTP/1.1 200 OK"
2025-07-12 13:58:43,285 - main - INFO - 提取的 PRD 文本:
## B端产品登录功能需求文档范文

### 1.1 功能概述

1.1.1 业务流程图

![image](https://internal-api-drive-stream.feishu.cn/space/api/box/stream/download/authcode/?code=ZWE4NTY3NjM0YmVlZGUzYzE5ZjAxNDU3NjdkYTFhMTRfYzA2ODM3OGMxNTA2YzJlNTQ0N2M3MGM3NTI1YjQ2NGRfSUQ6NzUyNDkzMzk1NzAyMTIzNzI1Ml8xNzUyMjk5OTIxOjE3NTIzODYzMjFfVjM)

1.1.2 功能架构

### 1.2 功能说明

1.2.1 账号登录

1.2.1.1 业务流程

用户打开登录网址进入登录页面；

输入登录账号、密码、验证码进行登录；

1.2.1.2 页面原型

![image](https://internal-api-drive-stream.feishu.cn/space/api/box/stream/download/authcode/?code=ODk2Yzg1ZjkwNjA4MzQyOWZlMTk2NjEyNDZmYzg5M2VfNTFhOGUxNzQyZTE3OTQzNmY1ZDNlMTkwZjRhNTAzNmJfSUQ6NzUyNDkzMzk1Mzk3MjIyNDAwMl8xNzUyMjk5OTIyOjE3NTIzODYzMjJfVjM)

1.2.1.3 逻辑说明

账号输入框：输入账号后显示清空操作按钮，点击清空按钮清空已输入的账号；

密码输入框：输入密码后显示密码明文查看按钮及清空按钮，鼠标按下明文查看按钮密码明文展示，鼠标松开后密文展示，点击清空按钮清空已输入密码；

验证码：验证码为4位随机的大写英文字母，单击验证码展示区域刷新验证码，验证码有效期为60秒；

所有输入框获取焦点时提示文字消失且边框变为绿色，失去焦点时恢复原状；

【登录】按钮：点击【登录】按钮时依次校验登录账号、密码、验证码，若某一项校验出问题则在对应输入框下方红字提醒用户错误原因，全部校验通过则成功登录并进入系统首页；

【找回密码】按钮：点击【找回密码】按钮跳转至找回密码页面；

账号首次成功登录时弹窗提示账号首次登录时需修改初始密码，点击【确定】按钮跳转至修改初始密码页面，初始密码修改后需要重新输入账号、密码、验证码进行登录；

1.2.2 重置初始密码

1.2.2.1 业务流程

用户初次成功登录账号后弹窗提示用户修改初始密码；

点击弹窗的【确定】按钮后页面跳转至重置初始密码页面；

1.2.2.2 页面原型

![image](https://internal-api-drive-stream.feishu.cn/space/api/box/stream/download/authcode/?code=ZDIwMmQzMTdmYTM1YjlkYmJhYzU1ZTQ4MGQ4OGFiMmVfMTkyMTA3M2M4YzRlYjkyYWY2MTM4ZTM4OWJhZThhODVfSUQ6NzUyNDkzMzk1NTY1NDg3NzE4Nl8xNzUyMjk5OTIyOjE3NTIzODYzMjJfVjM)

1.2.2.3 业务逻辑

新密码输入框：输入密码后显示密码明文查看按钮及清空按钮，鼠标按下明文查看按钮密码明文展示，鼠标松开后密文展示，点击清空按钮清空已输入密码；

确认密码：输入密码后显示密码明文查看按钮及清空按钮，鼠标按下明文查看按钮密码明文展示，鼠标松开后密文展示，点击清空按钮清空已输入密码；

验证码：点击【获取验证码】按钮向登录账号绑定手机号发送6位随机数字验证码，验证码已发送后【获取验证码】按钮展示60秒倒计时，倒计时结束后恢复原状，验证码有效期为60秒；

所有输入框获取焦点时提示文字消失且输入框边框变为绿色，失去焦点时恢复原状；

【取消】按钮：点击【取消】按钮取消修改初始密码，返回至登录页面；

【提交】按钮：点击【提交】按钮依次校验密码、验证码，若某一项校验出问题则在对应输入框下方红字提醒用户错误原因，全部校验通过则提示重置密码成功，然后返回至登录页面；

1.2.3 找回密码

1.2.3.1 业务流程

用户打开登录网址进入登录页面；

忘记登录密码后在登录页面页面点击【找回密码】按钮进入找回密码页面；

1.2.3.2 页面原型

![image](https://internal-api-drive-stream.feishu.cn/space/api/box/stream/download/authcode/?code=ZTM5ODU3NGE5ODk5ZjcwOWZmMTMyMmI2YTJhOTQzZjhfNDcxODU2YjA5NGZjNzIzY2MxMGFkZGJjNDY5Y2Y2YmVfSUQ6NzUyNDkzMzk1MzM5NTAxNTcwOF8xNzUyMjk5OTIyOjE3NTIzODYzMjJfVjM)

1.2.3.3 业务逻辑

新密码输入框：输入密码后显示密码明文查看按钮及清空按钮，鼠标按下明文查看按钮密码明文展示，鼠标松开后密文展示，点击清空按钮清空已输入密码；

确认密码：输入密码后显示密码明文查看按钮及清空按钮，鼠标按下明文查看按钮密码明文展示，鼠标松开后密文展示，点击清空按钮清空已输入密码；

验证码：点击【获取验证码】按钮向登录账号绑定手机号发送6位随机数字验证码，验证码已发送后【获取验证码】按钮展示60秒倒计时，倒计时结束后恢复原状，验证码有效期为60秒；

所有输入框获取焦点时提示文字消失且输入框边框变为绿色，失去焦点时恢复原状；

【取消】按钮：点击【取消】按钮取消修改初始密码，返回至登录页面；

【提交】按钮：点击【提交】按钮依次校验密码、验证码，若某一项校验出问题则在对应输入框下方红字提醒用户错误原因，全部校验通过则提示重置密码成功，然后返回至登录页面；

1.2.4 修改密码

1.2.4.1 业务流程

用户成功登录账号；

在我的页面选择修改密码进入修改密码页面；

1.2.4.2 页面原型

![image](https://internal-api-drive-stream.feishu.cn/space/api/box/stream/download/authcode/?code=NWMzN2VmNWM0NDA4MTYyNjE3MzM0NmMyMmE1YTk0ZTVfNzNjZTJmNGE2OGUyZmUxODAxMGZhNmNhNDU0NjNlOWVfSUQ6NzUyNDkzMzk1NzE1OTM1NDM5Nl8xNzUyMjk5OTIzOjE3NTIzODYzMjNfVjM)

1.2.4.3 业务逻辑

原密码输入框：输入密码后显示密码明文查看按钮及清空按钮，鼠标按下明文查看按钮密码明文展示，鼠标松开后密文展示，点击清空按钮清空已输入密码；

新密码输入框：输入密码后显示密码明文查看按钮及清空按钮，鼠标按下明文查看按钮密码明文展示，鼠标松开后密文展示，点击清空按钮清空已输入密码；

确认密码：输入密码后显示密码明文查看按钮及清空按钮，鼠标按下明文查看按钮密码明文展示，鼠标松开后密文展示，点击清空按钮清空已输入密码；

验证码：点击【获取验证码】按钮向登录账号绑定手机号发送6位随机数字验证码，验证码已发送后【获取验证码】按钮展示60秒倒计时，倒计时结束后恢复原状，验证码有效期为60秒；

所有输入框获取焦点时提示文字消失且输入框边框变为绿色，失去焦点时恢复原状；

【取消】按钮：点击【取消】按钮取消修改密码，返回至我的页面；

【提交】按钮：点击【提交】按钮依次校验密码、验证码，若某一项校验出问题则在对应输入框下方红字提醒用户错误原因，全部校验通过则提示重置密码成功；


2025-07-12 13:58:43,298 - main - INFO - 调用图谱重新生成测试用例
2025-07-12 13:58:43,328 - regenerate - INFO - [Step 1] 开始处理图像内容
2025-07-12 13:58:43,328 - regenerate - INFO - [Step 1] 发现 5 张图片，开始识别...
2025-07-12 13:58:43,329 - regenerate - INFO -   处理图片 1/5: https://internal-api-drive-stream.feishu.cn/space/...
2025-07-12 13:58:43,933 - httpx - INFO - HTTP Request: POST https://ark.cn-beijing.volces.com/api/v3/chat/completions "HTTP/1.1 400 Bad Request"
2025-07-12 13:58:43,935 - regenerate - WARNING -   图片尺寸过大，使用替代描述: https://internal-api-drive-stream.feishu.cn/space/api/box/stream/download/authcode/?code=ZWE4NTY3NjM0YmVlZGUzYzE5ZjAxNDU3NjdkYTFhMTRfYzA2ODM3OGMxNTA2YzJlNTQ0N2M3MGM3NTI1YjQ2NGRfSUQ6NzUyNDkzMzk1NzAyMTIzNzI1Ml8xNzUyMjk5OTIxOjE3NTIzODYzMjFfVjM
2025-07-12 13:58:43,935 - regenerate - INFO -   处理图片 2/5: https://internal-api-drive-stream.feishu.cn/space/...
2025-07-12 13:58:49,529 - httpx - INFO - HTTP Request: POST https://ark.cn-beijing.volces.com/api/v3/chat/completions "HTTP/1.1 200 OK"
2025-07-12 13:58:49,530 - regenerate - INFO -   处理图片 3/5: https://internal-api-drive-stream.feishu.cn/space/...
2025-07-12 13:58:53,170 - httpx - INFO - HTTP Request: POST https://ark.cn-beijing.volces.com/api/v3/chat/completions "HTTP/1.1 200 OK"
2025-07-12 13:58:53,171 - regenerate - INFO -   处理图片 4/5: https://internal-api-drive-stream.feishu.cn/space/...
2025-07-12 13:58:56,752 - httpx - INFO - HTTP Request: POST https://ark.cn-beijing.volces.com/api/v3/chat/completions "HTTP/1.1 200 OK"
2025-07-12 13:58:56,753 - regenerate - INFO -   处理图片 5/5: https://internal-api-drive-stream.feishu.cn/space/...
2025-07-12 13:59:00,847 - httpx - INFO - HTTP Request: POST https://ark.cn-beijing.volces.com/api/v3/chat/completions "HTTP/1.1 200 OK"
2025-07-12 13:59:00,849 - regenerate - INFO - [Step 1] 图像处理完成，共处理 5 张图片
2025-07-12 13:59:00,849 - regenerate - INFO - ## B端产品登录功能需求文档范文

### 1.1 功能概述

1.1.1 业务流程图

【图像描述】页面结构示意图

1.1.2 功能架构

### 1.2 功能说明

1.2.1 账号登录

1.2.1.1 业务流程

用户打开登录网址进入登录页面；

输入登录账号、密码、验证码进行登录；

1.2.1.2 页面原型

【图像描述】1. 模块名：登录模块
    - 核心交互：
        - 步骤1：用户进入登录页
        - 步骤2：输入登录账号
        - 步骤3：输入登录密码
        - 步骤4：输入验证码
        - 步骤5：点击“登录”按钮
    - 关键控件：
        - 登录账号输入框：输入登录账号
        - 登录密码输入框：输入登录密码
        - 验证码输入框：输入验证码
        - 登录按钮：点击后触发登录验证
    - 状态提示：
        - 正常状态：输入正确账号、密码、验证码，点击“登录”后，页面无提示
        - 异常状态：
            - 输入错误账号、密码、验证码，点击“登录”后，页面无提示
            - 账号首次登录时，页面弹出提示框：“账号首次登录时需要重置初始密码！”，点击“确定”按钮后，跳转到重置密码页面

2. 模块名：重置密码模块
    - 核心交互：
        - 步骤1：用户进入重置密码页
        - 步骤2：输入登录账号
        - 步骤3：输入新密码
        - 步骤4：确认新密码
        - 步骤5：输入验证码
        - 步骤6：点击“获取验证码”按钮
        - 步骤7：点击“提交”按钮
    - 关键控件：
        - 登录账号输入框：输入登录账号
        - 新密码输入框：输入新密码
        - 确认新密码输入框：确认新密码
        - 验证码输入框：输入验证码
        - 获取验证码按钮：点击后获取验证码
        - 提交按钮：点击后触发重置密码验证
        - 取消按钮：点击后取消重置密码操作
    - 状态提示：
        - 正常状态：输入正确账号、新密码、确认新密码、验证码，点击“提交”后，页面无提示
        - 异常状态：
            - 输入错误账号、新密码、确认新密码、验证码，点击“提交”后，页面无提示
            - 新密码和确认新密码不一致，点击“提交”后，页面无提示

1.2.1.3 逻辑说明

账号输入框：输入账号后显示清空操作按钮，点击清空按钮清空已输入的账号；

密码输入框：输入密码后显示密码明文查看按钮及清空按钮，鼠标按下明文查看按钮密码明文展示，鼠标松开后密文展示，点击清空按钮清空已输入密码；

验证码：验证码为4位随机的大写英文字母，单击验证码展示区域刷新验证码，验证码有效期为60秒；

所有输入框获取焦点时提示文字消失且边框变为绿色，失去焦点时恢复原状；

【登录】按钮：点击【登录】按钮时依次校验登录账号、密码、验证码，若某一项校验出问题则在对应输入框下方红字提醒用户错误原因，全部校验通过则成功登录并进入系统首页；

【找回密码】按钮：点击【找回密码】按钮跳转至找回密码页面；

账号首次成功登录时弹窗提示账号首次登录时需修改初始密码，点击【确定】按钮跳转至修改初始密码页面，初始密码修改后需要重新输入账号、密码、验证码进行登录；

1.2.2 重置初始密码

1.2.2.1 业务流程

用户初次成功登录账号后弹窗提示用户修改初始密码；

点击弹窗的【确定】按钮后页面跳转至重置初始密码页面；

1.2.2.2 页面原型

【图像描述】模块名：修改初始密码表单
核心交互：
步骤1：用户进入修改初始密码页面
步骤2：输入新密码
步骤3：再次输入确认密码
步骤4：点击“获取验证码”获取验证短信
步骤5：输入验证短信
步骤6：点击“提交”按钮提交修改请求
关键控件：
新密码输入框：输入8-10位密码，密码至少包括数字、小写字母、大写字母、特殊符号中的两种
确认密码输入框：再次输入8-10位密码，密码至少包括数字、小写字母、大写字母、特殊符号中的两种
验证短信输入框：输入获取到的验证码
获取验证码按钮：点击后获取验证短信
取消按钮：点击后取消修改操作
提交按钮：点击后提交修改密码请求
状态提示（假设）：
输入不符合规则密码时，输入框下方显示提示：“密码需8-10位，至少包括数字、小写字母、大写字母、特殊符号中的两种”
两次输入密码不一致时，确认密码输入框下方显示提示：“两次输入的密码不一致”
提交成功时，页面提示：“密码修改成功”
提交失败时，页面提示：“密码修改失败，请重试”

1.2.2.3 业务逻辑

新密码输入框：输入密码后显示密码明文查看按钮及清空按钮，鼠标按下明文查看按钮密码明文展示，鼠标松开后密文展示，点击清空按钮清空已输入密码；

确认密码：输入密码后显示密码明文查看按钮及清空按钮，鼠标按下明文查看按钮密码明文展示，鼠标松开后密文展示，点击清空按钮清空已输入密码；

验证码：点击【获取验证码】按钮向登录账号绑定手机号发送6位随机数字验证码，验证码已发送后【获取验证码】按钮展示60秒倒计时，倒计时结束后恢复原状，验证码有效期为60秒；

所有输入框获取焦点时提示文字消失且输入框边框变为绿色，失去焦点时恢复原状；

【取消】按钮：点击【取消】按钮取消修改初始密码，返回至登录页面；

【提交】按钮：点击【提交】按钮依次校验密码、验证码，若某一项校验出问题则在对应输入框下方红字提醒用户错误原因，全部校验通过则提示重置密码成功，然后返回至登录页面；

1.2.3 找回密码

1.2.3.1 业务流程

用户打开登录网址进入登录页面；

忘记登录密码后在登录页面页面点击【找回密码】按钮进入找回密码页面；

1.2.3.2 页面原型

【图像描述】模块名：找回密码模块
核心交互：
步骤1：用户进入找回密码页面
步骤2：输入登录账号（手机号）
步骤3：输入新密码
步骤4：再次输入确认密码
步骤5：点击“获取验证码”获取短信验证码
步骤6：输入验证短信
步骤7：点击“提交”按钮提交信息
关键控件：
- 登录账号输入框：输入手机号
- 新密码输入框：输入8-10位密码，至少包括数字、小写字母、大写字母、特殊符号中的两种
- 确认密码输入框：再次输入8-10位密码，需与新密码一致
- 验证短信输入框：输入获取的验证码
- 获取验证码按钮：点击获取短信验证码
- 取消按钮：点击取消找回密码操作
- 提交按钮：点击提交找回密码信息
状态提示：
- 输入密码不符合要求时，提示“至少包括数字、小写字母、大写字母、特殊符号中的两种”
- 提交成功时，完成密码找回操作
- 提交失败时，提示相应错误信息（如验证码错误、密码不一致等）

1.2.3.3 业务逻辑

新密码输入框：输入密码后显示密码明文查看按钮及清空按钮，鼠标按下明文查看按钮密码明文展示，鼠标松开后密文展示，点击清空按钮清空已输入密码；

确认密码：输入密码后显示密码明文查看按钮及清空按钮，鼠标按下明文查看按钮密码明文展示，鼠标松开后密文展示，点击清空按钮清空已输入密码；

验证码：点击【获取验证码】按钮向登录账号绑定手机号发送6位随机数字验证码，验证码已发送后【获取验证码】按钮展示60秒倒计时，倒计时结束后恢复原状，验证码有效期为60秒；

所有输入框获取焦点时提示文字消失且输入框边框变为绿色，失去焦点时恢复原状；

【取消】按钮：点击【取消】按钮取消修改初始密码，返回至登录页面；

【提交】按钮：点击【提交】按钮依次校验密码、验证码，若某一项校验出问题则在对应输入框下方红字提醒用户错误原因，全部校验通过则提示重置密码成功，然后返回至登录页面；

1.2.4 修改密码

1.2.4.1 业务流程

用户成功登录账号；

在我的页面选择修改密码进入修改密码页面；

1.2.4.2 页面原型

【图像描述】模块名：密码修改模块
核心交互：
步骤1：用户进入密码修改页面
步骤2：输入原密码
步骤3：输入新密码
步骤4：确认新密码
步骤5：输入验证短信
步骤6：点击“提交”按钮
关键控件：
原密码输入框：输入原登录密码
新密码输入框：输入8-10位密码，至少包括数字、小写字母、大写字母、特殊符号中的两种
确认密码输入框：再次输入8-10位密码，至少包括数字、小写字母、大写字母、特殊符号中的两种
验证短信输入框：输入验证码
获取验证码按钮：点击获取验证码
取消按钮：点击取消密码修改操作
提交按钮：点击提交密码修改信息
状态提示：
- 正常状态：提交成功后，页面可能跳转或提示密码修改成功
- 异常状态：
  - 原密码错误时，可能提示“原密码错误”
  - 新密码不符合规则时，可能提示“密码需8-10位，至少包括数字、小写字母、大写字母、特殊符号中的两种”
  - 确认密码与新密码不一致时，可能提示“两次密码输入不一致”
  - 验证码错误时，可能提示“验证码错误”

1.2.4.3 业务逻辑

原密码输入框：输入密码后显示密码明文查看按钮及清空按钮，鼠标按下明文查看按钮密码明文展示，鼠标松开后密文展示，点击清空按钮清空已输入密码；

新密码输入框：输入密码后显示密码明文查看按钮及清空按钮，鼠标按下明文查看按钮密码明文展示，鼠标松开后密文展示，点击清空按钮清空已输入密码；

确认密码：输入密码后显示密码明文查看按钮及清空按钮，鼠标按下明文查看按钮密码明文展示，鼠标松开后密文展示，点击清空按钮清空已输入密码；

验证码：点击【获取验证码】按钮向登录账号绑定手机号发送6位随机数字验证码，验证码已发送后【获取验证码】按钮展示60秒倒计时，倒计时结束后恢复原状，验证码有效期为60秒；

所有输入框获取焦点时提示文字消失且输入框边框变为绿色，失去焦点时恢复原状；

【取消】按钮：点击【取消】按钮取消修改密码，返回至我的页面；

【提交】按钮：点击【提交】按钮依次校验密码、验证码，若某一项校验出问题则在对应输入框下方红字提醒用户错误原因，全部校验通过则提示重置密码成功；


2025-07-12 13:59:00,851 - regenerate - INFO - [Step 2] 尝试直接从 PRD 文本提取标题
2025-07-12 13:59:00,851 - regenerate - INFO - [Step 1] 提取标题成功: B端产品登录功能需求文档范文
2025-07-12 13:59:00,853 - regenerate - INFO - [重新生成 Step 3] 根据评测报告和反馈生成新的测试点
2025-07-12 14:00:05,481 - httpx - INFO - HTTP Request: POST https://ark.cn-beijing.volces.com/api/v3/chat/completions "HTTP/1.1 200 OK"
2025-07-12 14:00:05,483 - regenerate - INFO - [重新生成 Step 4] 根据新的测试点生成测试用例
2025-07-12 14:00:05,487 - regenerate - INFO - 生成第 1 个用例，第 1 次尝试
2025-07-12 14:00:05,496 - regenerate - INFO - 生成第 2 个用例，第 1 次尝试
2025-07-12 14:00:05,506 - regenerate - INFO - 生成第 3 个用例，第 1 次尝试
2025-07-12 14:00:05,520 - regenerate - INFO - 生成第 4 个用例，第 1 次尝试
2025-07-12 14:00:05,529 - regenerate - INFO - 生成第 5 个用例，第 1 次尝试
2025-07-12 14:00:05,538 - regenerate - INFO - 生成第 6 个用例，第 1 次尝试
2025-07-12 14:00:05,547 - regenerate - INFO - 生成第 7 个用例，第 1 次尝试
2025-07-12 14:00:05,556 - regenerate - INFO - 生成第 8 个用例，第 1 次尝试
2025-07-12 14:00:05,565 - regenerate - INFO - 生成第 9 个用例，第 1 次尝试
2025-07-12 14:00:05,575 - regenerate - INFO - 生成第 10 个用例，第 1 次尝试
2025-07-12 14:00:05,587 - regenerate - INFO - 生成第 11 个用例，第 1 次尝试
2025-07-12 14:00:05,597 - regenerate - INFO - 生成第 12 个用例，第 1 次尝试
2025-07-12 14:00:05,607 - regenerate - INFO - 生成第 13 个用例，第 1 次尝试
2025-07-12 14:00:05,616 - regenerate - INFO - 生成第 14 个用例，第 1 次尝试
2025-07-12 14:00:05,625 - regenerate - INFO - 生成第 15 个用例，第 1 次尝试
2025-07-12 14:00:05,635 - regenerate - INFO - 生成第 16 个用例，第 1 次尝试
2025-07-12 14:00:05,647 - regenerate - INFO - 生成第 17 个用例，第 1 次尝试
2025-07-12 14:00:05,658 - regenerate - INFO - 生成第 18 个用例，第 1 次尝试
2025-07-12 14:00:05,667 - regenerate - INFO - 生成第 19 个用例，第 1 次尝试
2025-07-12 14:00:05,676 - regenerate - INFO - 生成第 20 个用例，第 1 次尝试
2025-07-12 14:00:05,685 - regenerate - INFO - 生成第 21 个用例，第 1 次尝试
2025-07-12 14:00:05,697 - regenerate - INFO - 生成第 22 个用例，第 1 次尝试
2025-07-12 14:00:05,711 - regenerate - INFO - 生成第 23 个用例，第 1 次尝试
2025-07-12 14:00:05,727 - regenerate - INFO - 生成第 24 个用例，第 1 次尝试
2025-07-12 14:00:05,738 - regenerate - INFO - 生成第 25 个用例，第 1 次尝试
2025-07-12 14:00:05,749 - regenerate - INFO - 生成第 26 个用例，第 1 次尝试
2025-07-12 14:00:05,759 - regenerate - INFO - 生成第 27 个用例，第 1 次尝试
2025-07-12 14:00:05,769 - regenerate - INFO - 生成第 28 个用例，第 1 次尝试
2025-07-12 14:00:05,783 - regenerate - INFO - 生成第 29 个用例，第 1 次尝试
2025-07-12 14:00:05,795 - regenerate - INFO - 生成第 30 个用例，第 1 次尝试
2025-07-12 14:00:12,039 - httpx - INFO - HTTP Request: POST https://ark.cn-beijing.volces.com/api/v3/chat/completions "HTTP/1.1 200 OK"
2025-07-12 14:00:12,040 - regenerate - INFO -  第 27 个用例生成成功，用时 6.28s
2025-07-12 14:00:12,040 - regenerate - INFO - 生成第 31 个用例，第 1 次尝试
2025-07-12 14:00:13,307 - httpx - INFO - HTTP Request: POST https://ark.cn-beijing.volces.com/api/v3/chat/completions "HTTP/1.1 200 OK"
2025-07-12 14:00:13,307 - regenerate - INFO -  第 3 个用例生成成功，用时 7.80s
2025-07-12 14:00:13,307 - regenerate - INFO - 生成第 32 个用例，第 1 次尝试
2025-07-12 14:00:13,354 - httpx - INFO - HTTP Request: POST https://ark.cn-beijing.volces.com/api/v3/chat/completions "HTTP/1.1 200 OK"
2025-07-12 14:00:13,355 - regenerate - INFO -  第 10 个用例生成成功，用时 7.78s
2025-07-12 14:00:13,355 - regenerate - INFO - 生成第 33 个用例，第 1 次尝试
2025-07-12 14:00:13,501 - httpx - INFO - HTTP Request: POST https://ark.cn-beijing.volces.com/api/v3/chat/completions "HTTP/1.1 200 OK"
2025-07-12 14:00:13,505 - regenerate - INFO -  第 7 个用例生成成功，用时 7.96s
2025-07-12 14:00:13,505 - regenerate - INFO - 生成第 34 个用例，第 1 次尝试
2025-07-12 14:00:13,667 - httpx - INFO - HTTP Request: POST https://ark.cn-beijing.volces.com/api/v3/chat/completions "HTTP/1.1 200 OK"
2025-07-12 14:00:13,668 - regenerate - INFO -  第 16 个用例生成成功，用时 8.03s
2025-07-12 14:00:13,668 - regenerate - INFO - 生成第 35 个用例，第 1 次尝试
2025-07-12 14:00:13,677 - httpx - INFO - HTTP Request: POST https://ark.cn-beijing.volces.com/api/v3/chat/completions "HTTP/1.1 200 OK"
2025-07-12 14:00:13,678 - regenerate - INFO -  第 2 个用例生成成功，用时 8.18s
2025-07-12 14:00:13,678 - regenerate - INFO - 生成第 36 个用例，第 1 次尝试
2025-07-12 14:00:13,799 - httpx - INFO - HTTP Request: POST https://ark.cn-beijing.volces.com/api/v3/chat/completions "HTTP/1.1 200 OK"
2025-07-12 14:00:13,800 - regenerate - INFO -  第 23 个用例生成成功，用时 8.09s
2025-07-12 14:00:13,800 - regenerate - INFO - 生成第 37 个用例，第 1 次尝试
2025-07-12 14:00:14,044 - httpx - INFO - HTTP Request: POST https://ark.cn-beijing.volces.com/api/v3/chat/completions "HTTP/1.1 200 OK"
2025-07-12 14:00:14,046 - regenerate - INFO -  第 29 个用例生成成功，用时 8.26s
2025-07-12 14:00:14,047 - regenerate - INFO - 生成第 38 个用例，第 1 次尝试
2025-07-12 14:00:14,343 - httpx - INFO - HTTP Request: POST https://ark.cn-beijing.volces.com/api/v3/chat/completions "HTTP/1.1 200 OK"
2025-07-12 14:00:14,343 - regenerate - INFO -  第 6 个用例生成成功，用时 8.80s
2025-07-12 14:00:14,343 - regenerate - INFO - 生成第 39 个用例，第 1 次尝试
2025-07-12 14:00:14,462 - httpx - INFO - HTTP Request: POST https://ark.cn-beijing.volces.com/api/v3/chat/completions "HTTP/1.1 200 OK"
2025-07-12 14:00:14,462 - regenerate - INFO -  第 22 个用例生成成功，用时 8.76s
2025-07-12 14:00:14,462 - regenerate - INFO - 生成第 40 个用例，第 1 次尝试
2025-07-12 14:00:14,747 - httpx - INFO - HTTP Request: POST https://ark.cn-beijing.volces.com/api/v3/chat/completions "HTTP/1.1 200 OK"
2025-07-12 14:00:14,749 - regenerate - INFO -  第 30 个用例生成成功，用时 8.95s
2025-07-12 14:00:14,749 - regenerate - INFO - 生成第 41 个用例，第 1 次尝试
2025-07-12 14:00:14,876 - httpx - INFO - HTTP Request: POST https://ark.cn-beijing.volces.com/api/v3/chat/completions "HTTP/1.1 200 OK"
2025-07-12 14:00:14,877 - regenerate - INFO -  第 4 个用例生成成功，用时 9.36s
2025-07-12 14:00:14,877 - regenerate - INFO - 生成第 42 个用例，第 1 次尝试
2025-07-12 14:00:15,145 - httpx - INFO - HTTP Request: POST https://ark.cn-beijing.volces.com/api/v3/chat/completions "HTTP/1.1 200 OK"
2025-07-12 14:00:15,145 - regenerate - INFO -  第 19 个用例生成成功，用时 9.48s
2025-07-12 14:00:15,145 - regenerate - INFO - 生成第 43 个用例，第 1 次尝试
2025-07-12 14:00:15,175 - httpx - INFO - HTTP Request: POST https://ark.cn-beijing.volces.com/api/v3/chat/completions "HTTP/1.1 200 OK"
2025-07-12 14:00:15,176 - regenerate - INFO -  第 8 个用例生成成功，用时 9.62s
2025-07-12 14:00:15,177 - regenerate - INFO - 生成第 44 个用例，第 1 次尝试
2025-07-12 14:00:15,200 - httpx - INFO - HTTP Request: POST https://ark.cn-beijing.volces.com/api/v3/chat/completions "HTTP/1.1 200 OK"
2025-07-12 14:00:15,201 - regenerate - INFO -  第 12 个用例生成成功，用时 9.60s
2025-07-12 14:00:15,201 - regenerate - INFO - 生成第 45 个用例，第 1 次尝试
2025-07-12 14:00:15,781 - httpx - INFO - HTTP Request: POST https://ark.cn-beijing.volces.com/api/v3/chat/completions "HTTP/1.1 200 OK"
2025-07-12 14:00:15,782 - regenerate - INFO -  第 17 个用例生成成功，用时 10.14s
2025-07-12 14:00:15,782 - regenerate - INFO - 生成第 46 个用例，第 1 次尝试
2025-07-12 14:00:15,900 - httpx - INFO - HTTP Request: POST https://ark.cn-beijing.volces.com/api/v3/chat/completions "HTTP/1.1 200 OK"
2025-07-12 14:00:15,901 - regenerate - INFO -  第 15 个用例生成成功，用时 10.28s
2025-07-12 14:00:15,901 - regenerate - INFO - 生成第 47 个用例，第 1 次尝试
2025-07-12 14:00:15,923 - httpx - INFO - HTTP Request: POST https://ark.cn-beijing.volces.com/api/v3/chat/completions "HTTP/1.1 200 OK"
2025-07-12 14:00:15,923 - regenerate - INFO -  第 14 个用例生成成功，用时 10.31s
2025-07-12 14:00:15,923 - regenerate - INFO - 生成第 48 个用例，第 1 次尝试
2025-07-12 14:00:16,115 - httpx - INFO - HTTP Request: POST https://ark.cn-beijing.volces.com/api/v3/chat/completions "HTTP/1.1 200 OK"
2025-07-12 14:00:16,116 - regenerate - INFO -  第 28 个用例生成成功，用时 10.35s
2025-07-12 14:00:16,118 - regenerate - INFO - 生成第 49 个用例，第 1 次尝试
2025-07-12 14:00:16,281 - httpx - INFO - HTTP Request: POST https://ark.cn-beijing.volces.com/api/v3/chat/completions "HTTP/1.1 200 OK"
2025-07-12 14:00:16,282 - regenerate - INFO -  第 21 个用例生成成功，用时 10.60s
2025-07-12 14:00:16,282 - regenerate - INFO - 生成第 50 个用例，第 1 次尝试
2025-07-12 14:00:16,441 - httpx - INFO - HTTP Request: POST https://ark.cn-beijing.volces.com/api/v3/chat/completions "HTTP/1.1 200 OK"
2025-07-12 14:00:16,442 - regenerate - INFO -  第 25 个用例生成成功，用时 10.70s
2025-07-12 14:00:16,442 - regenerate - INFO - 生成第 51 个用例，第 1 次尝试
2025-07-12 14:00:16,505 - httpx - INFO - HTTP Request: POST https://ark.cn-beijing.volces.com/api/v3/chat/completions "HTTP/1.1 200 OK"
2025-07-12 14:00:16,506 - regenerate - INFO -  第 5 个用例生成成功，用时 10.98s
2025-07-12 14:00:16,506 - regenerate - INFO - 生成第 52 个用例，第 1 次尝试
2025-07-12 14:00:16,879 - httpx - INFO - HTTP Request: POST https://ark.cn-beijing.volces.com/api/v3/chat/completions "HTTP/1.1 200 OK"
2025-07-12 14:00:16,879 - regenerate - INFO -  第 24 个用例生成成功，用时 11.15s
2025-07-12 14:00:16,880 - regenerate - INFO - 生成第 53 个用例，第 1 次尝试
2025-07-12 14:00:17,363 - httpx - INFO - HTTP Request: POST https://ark.cn-beijing.volces.com/api/v3/chat/completions "HTTP/1.1 200 OK"
2025-07-12 14:00:17,364 - regenerate - INFO -  第 9 个用例生成成功，用时 11.80s
2025-07-12 14:00:17,364 - regenerate - INFO - 生成第 54 个用例，第 1 次尝试
2025-07-12 14:00:18,829 - httpx - INFO - HTTP Request: POST https://ark.cn-beijing.volces.com/api/v3/chat/completions "HTTP/1.1 200 OK"
2025-07-12 14:00:18,830 - regenerate - INFO -  第 1 个用例生成成功，用时 13.34s
2025-07-12 14:00:18,830 - regenerate - INFO - 生成第 55 个用例，第 1 次尝试
2025-07-12 14:00:18,869 - httpx - INFO - HTTP Request: POST https://ark.cn-beijing.volces.com/api/v3/chat/completions "HTTP/1.1 200 OK"
2025-07-12 14:00:18,870 - regenerate - INFO -  第 18 个用例生成成功，用时 13.21s
2025-07-12 14:00:18,870 - regenerate - INFO - 生成第 56 个用例，第 1 次尝试
2025-07-12 14:00:18,910 - httpx - INFO - HTTP Request: POST https://ark.cn-beijing.volces.com/api/v3/chat/completions "HTTP/1.1 200 OK"
2025-07-12 14:00:18,910 - regenerate - INFO -  第 13 个用例生成成功，用时 13.30s
2025-07-12 14:00:18,911 - regenerate - INFO - 生成第 57 个用例，第 1 次尝试
2025-07-12 14:00:19,731 - httpx - INFO - HTTP Request: POST https://ark.cn-beijing.volces.com/api/v3/chat/completions "HTTP/1.1 200 OK"
2025-07-12 14:00:19,731 - regenerate - INFO -  第 11 个用例生成成功，用时 14.14s
2025-07-12 14:00:19,731 - regenerate - INFO - 生成第 58 个用例，第 1 次尝试
2025-07-12 14:00:20,876 - httpx - INFO - HTTP Request: POST https://ark.cn-beijing.volces.com/api/v3/chat/completions "HTTP/1.1 200 OK"
2025-07-12 14:00:20,877 - regenerate - INFO -  第 26 个用例生成成功，用时 15.13s
2025-07-12 14:00:20,877 - regenerate - INFO - 生成第 59 个用例，第 1 次尝试
2025-07-12 14:00:21,452 - httpx - INFO - HTTP Request: POST https://ark.cn-beijing.volces.com/api/v3/chat/completions "HTTP/1.1 200 OK"
2025-07-12 14:00:21,452 - regenerate - INFO -  第 35 个用例生成成功，用时 7.78s
2025-07-12 14:00:21,453 - regenerate - INFO - 生成第 60 个用例，第 1 次尝试
2025-07-12 14:00:22,100 - httpx - INFO - HTTP Request: POST https://ark.cn-beijing.volces.com/api/v3/chat/completions "HTTP/1.1 200 OK"
2025-07-12 14:00:22,101 - regenerate - INFO -  第 33 个用例生成成功，用时 8.75s
2025-07-12 14:00:22,101 - regenerate - INFO - 生成第 61 个用例，第 1 次尝试
2025-07-12 14:00:23,109 - httpx - INFO - HTTP Request: POST https://ark.cn-beijing.volces.com/api/v3/chat/completions "HTTP/1.1 200 OK"
2025-07-12 14:00:23,109 - regenerate - INFO -  第 44 个用例生成成功，用时 7.93s
2025-07-12 14:00:23,110 - regenerate - INFO - 生成第 62 个用例，第 1 次尝试
2025-07-12 14:00:25,686 - httpx - INFO - HTTP Request: POST https://ark.cn-beijing.volces.com/api/v3/chat/completions "HTTP/1.1 200 OK"
2025-07-12 14:00:25,687 - regenerate - INFO -  第 46 个用例生成成功，用时 9.90s
2025-07-12 14:00:25,687 - regenerate - INFO - 生成第 63 个用例，第 1 次尝试
2025-07-12 14:00:25,769 - httpx - INFO - HTTP Request: POST https://ark.cn-beijing.volces.com/api/v3/chat/completions "HTTP/1.1 200 OK"
2025-07-12 14:00:25,771 - regenerate - INFO -  第 51 个用例生成成功，用时 9.33s
2025-07-12 14:00:25,772 - regenerate - INFO - 生成第 64 个用例，第 1 次尝试
2025-07-12 14:00:26,035 - httpx - INFO - HTTP Request: POST https://ark.cn-beijing.volces.com/api/v3/chat/completions "HTTP/1.1 200 OK"
2025-07-12 14:00:26,036 - regenerate - INFO -  第 32 个用例生成成功，用时 12.73s
2025-07-12 14:00:26,036 - regenerate - INFO - 生成第 65 个用例，第 1 次尝试
2025-07-12 14:00:26,050 - httpx - INFO - HTTP Request: POST https://ark.cn-beijing.volces.com/api/v3/chat/completions "HTTP/1.1 200 OK"
2025-07-12 14:00:26,051 - regenerate - INFO -  第 39 个用例生成成功，用时 11.71s
2025-07-12 14:00:26,051 - regenerate - INFO - 生成第 66 个用例，第 1 次尝试
2025-07-12 14:00:26,117 - httpx - INFO - HTTP Request: POST https://ark.cn-beijing.volces.com/api/v3/chat/completions "HTTP/1.1 200 OK"
2025-07-12 14:00:26,118 - regenerate - INFO -  第 36 个用例生成成功，用时 12.44s
2025-07-12 14:00:26,118 - regenerate - INFO - 生成第 67 个用例，第 1 次尝试
2025-07-12 14:00:26,420 - httpx - INFO - HTTP Request: POST https://ark.cn-beijing.volces.com/api/v3/chat/completions "HTTP/1.1 200 OK"
2025-07-12 14:00:26,421 - regenerate - INFO -  第 49 个用例生成成功，用时 10.30s
2025-07-12 14:00:26,421 - regenerate - INFO - 生成第 68 个用例，第 1 次尝试
2025-07-12 14:00:26,561 - httpx - INFO - HTTP Request: POST https://ark.cn-beijing.volces.com/api/v3/chat/completions "HTTP/1.1 200 OK"
2025-07-12 14:00:26,561 - regenerate - INFO -  第 48 个用例生成成功，用时 10.64s
2025-07-12 14:00:26,562 - regenerate - INFO - 生成第 69 个用例，第 1 次尝试
2025-07-12 14:00:26,618 - httpx - INFO - HTTP Request: POST https://ark.cn-beijing.volces.com/api/v3/chat/completions "HTTP/1.1 200 OK"
2025-07-12 14:00:26,619 - regenerate - INFO -  第 42 个用例生成成功，用时 11.74s
2025-07-12 14:00:26,619 - regenerate - INFO - 生成第 70 个用例，第 1 次尝试
2025-07-12 14:00:27,290 - httpx - INFO - HTTP Request: POST https://ark.cn-beijing.volces.com/api/v3/chat/completions "HTTP/1.1 200 OK"
2025-07-12 14:00:27,298 - regenerate - INFO -  第 43 个用例生成成功，用时 12.15s
2025-07-12 14:00:27,298 - regenerate - INFO - 生成第 71 个用例，第 1 次尝试
2025-07-12 14:00:27,367 - httpx - INFO - HTTP Request: POST https://ark.cn-beijing.volces.com/api/v3/chat/completions "HTTP/1.1 200 OK"
2025-07-12 14:00:27,369 - regenerate - INFO -  第 47 个用例生成成功，用时 11.47s
2025-07-12 14:00:27,371 - regenerate - INFO - 生成第 72 个用例，第 1 次尝试
2025-07-12 14:00:28,172 - httpx - INFO - HTTP Request: POST https://ark.cn-beijing.volces.com/api/v3/chat/completions "HTTP/1.1 200 OK"
2025-07-12 14:00:28,173 - regenerate - INFO -  第 20 个用例生成成功，用时 22.50s
2025-07-12 14:00:28,174 - regenerate - INFO - 生成第 73 个用例，第 1 次尝试
2025-07-12 14:00:28,189 - httpx - INFO - HTTP Request: POST https://ark.cn-beijing.volces.com/api/v3/chat/completions "HTTP/1.1 200 OK"
2025-07-12 14:00:28,190 - regenerate - INFO -  第 38 个用例生成成功，用时 14.14s
2025-07-12 14:00:28,190 - regenerate - INFO - 生成第 74 个用例，第 1 次尝试
2025-07-12 14:00:28,365 - httpx - INFO - HTTP Request: POST https://ark.cn-beijing.volces.com/api/v3/chat/completions "HTTP/1.1 200 OK"
2025-07-12 14:00:28,365 - regenerate - INFO -  第 34 个用例生成成功，用时 14.86s
2025-07-12 14:00:28,366 - regenerate - INFO - 生成第 75 个用例，第 1 次尝试
2025-07-12 14:00:28,905 - httpx - INFO - HTTP Request: POST https://ark.cn-beijing.volces.com/api/v3/chat/completions "HTTP/1.1 200 OK"
2025-07-12 14:00:28,906 - regenerate - INFO -  第 45 个用例生成成功，用时 13.71s
2025-07-12 14:00:28,906 - regenerate - INFO - 生成第 76 个用例，第 1 次尝试
2025-07-12 14:00:29,308 - httpx - INFO - HTTP Request: POST https://ark.cn-beijing.volces.com/api/v3/chat/completions "HTTP/1.1 200 OK"
2025-07-12 14:00:29,309 - regenerate - INFO -  第 41 个用例生成成功，用时 14.56s
2025-07-12 14:00:29,309 - regenerate - INFO - 生成第 77 个用例，第 1 次尝试
2025-07-12 14:00:30,177 - httpx - INFO - HTTP Request: POST https://ark.cn-beijing.volces.com/api/v3/chat/completions "HTTP/1.1 200 OK"
2025-07-12 14:00:30,178 - regenerate - INFO -  第 55 个用例生成成功，用时 11.35s
2025-07-12 14:00:30,178 - regenerate - INFO - 生成第 78 个用例，第 1 次尝试
2025-07-12 14:00:30,584 - httpx - INFO - HTTP Request: POST https://ark.cn-beijing.volces.com/api/v3/chat/completions "HTTP/1.1 200 OK"
2025-07-12 14:00:30,585 - regenerate - INFO -  第 66 个用例生成成功，用时 4.53s
2025-07-12 14:00:30,585 - regenerate - INFO - 生成第 79 个用例，第 1 次尝试
2025-07-12 14:00:30,653 - httpx - INFO - HTTP Request: POST https://ark.cn-beijing.volces.com/api/v3/chat/completions "HTTP/1.1 200 OK"
2025-07-12 14:00:30,654 - httpx - INFO - HTTP Request: POST https://ark.cn-beijing.volces.com/api/v3/chat/completions "HTTP/1.1 200 OK"
2025-07-12 14:00:30,655 - regenerate - INFO -  第 31 个用例生成成功，用时 18.62s
2025-07-12 14:00:30,655 - regenerate - INFO -  第 60 个用例生成成功，用时 9.20s
2025-07-12 14:00:30,655 - regenerate - INFO - 生成第 80 个用例，第 1 次尝试
2025-07-12 14:00:30,665 - regenerate - INFO - 生成第 81 个用例，第 1 次尝试
2025-07-12 14:00:31,756 - httpx - INFO - HTTP Request: POST https://ark.cn-beijing.volces.com/api/v3/chat/completions "HTTP/1.1 200 OK"
2025-07-12 14:00:31,756 - regenerate - INFO -  第 56 个用例生成成功，用时 12.89s
2025-07-12 14:00:31,757 - regenerate - INFO - 生成第 82 个用例，第 1 次尝试
2025-07-12 14:00:32,274 - httpx - INFO - HTTP Request: POST https://ark.cn-beijing.volces.com/api/v3/chat/completions "HTTP/1.1 200 OK"
2025-07-12 14:00:32,275 - regenerate - INFO -  第 61 个用例生成成功，用时 10.17s
2025-07-12 14:00:32,275 - regenerate - INFO - 生成第 83 个用例，第 1 次尝试
2025-07-12 14:00:32,393 - httpx - INFO - HTTP Request: POST https://ark.cn-beijing.volces.com/api/v3/chat/completions "HTTP/1.1 200 OK"
2025-07-12 14:00:32,394 - regenerate - INFO -  第 40 个用例生成成功，用时 17.93s
2025-07-12 14:00:32,394 - regenerate - INFO - 生成第 84 个用例，第 1 次尝试
2025-07-12 14:00:32,453 - httpx - INFO - HTTP Request: POST https://ark.cn-beijing.volces.com/api/v3/chat/completions "HTTP/1.1 200 OK"
2025-07-12 14:00:32,454 - regenerate - INFO -  第 57 个用例生成成功，用时 13.54s
2025-07-12 14:00:32,454 - regenerate - INFO - 生成第 85 个用例，第 1 次尝试
2025-07-12 14:00:32,467 - httpx - INFO - HTTP Request: POST https://ark.cn-beijing.volces.com/api/v3/chat/completions "HTTP/1.1 200 OK"
2025-07-12 14:00:32,467 - regenerate - INFO -  第 54 个用例生成成功，用时 15.10s
2025-07-12 14:00:32,660 - httpx - INFO - HTTP Request: POST https://ark.cn-beijing.volces.com/api/v3/chat/completions "HTTP/1.1 200 OK"
2025-07-12 14:00:32,660 - regenerate - INFO -  第 37 个用例生成成功，用时 18.86s
2025-07-12 14:00:33,348 - httpx - INFO - HTTP Request: POST https://ark.cn-beijing.volces.com/api/v3/chat/completions "HTTP/1.1 200 OK"
2025-07-12 14:00:33,350 - regenerate - INFO -  第 62 个用例生成成功，用时 10.24s
2025-07-12 14:00:33,376 - httpx - INFO - HTTP Request: POST https://ark.cn-beijing.volces.com/api/v3/chat/completions "HTTP/1.1 200 OK"
2025-07-12 14:00:33,377 - regenerate - INFO -  第 59 个用例生成成功，用时 12.50s
2025-07-12 14:00:34,117 - httpx - INFO - HTTP Request: POST https://ark.cn-beijing.volces.com/api/v3/chat/completions "HTTP/1.1 200 OK"
2025-07-12 14:00:34,119 - regenerate - INFO -  第 52 个用例生成成功，用时 17.61s
2025-07-12 14:00:34,134 - httpx - INFO - HTTP Request: POST https://ark.cn-beijing.volces.com/api/v3/chat/completions "HTTP/1.1 200 OK"
2025-07-12 14:00:34,136 - regenerate - INFO -  第 58 个用例生成成功，用时 14.40s
2025-07-12 14:00:34,404 - httpx - INFO - HTTP Request: POST https://ark.cn-beijing.volces.com/api/v3/chat/completions "HTTP/1.1 200 OK"
2025-07-12 14:00:34,406 - regenerate - INFO -  第 53 个用例生成成功，用时 17.53s
2025-07-12 14:00:34,599 - httpx - INFO - HTTP Request: POST https://ark.cn-beijing.volces.com/api/v3/chat/completions "HTTP/1.1 200 OK"
2025-07-12 14:00:34,600 - regenerate - INFO -  第 65 个用例生成成功，用时 8.56s
2025-07-12 14:00:34,741 - httpx - INFO - HTTP Request: POST https://ark.cn-beijing.volces.com/api/v3/chat/completions "HTTP/1.1 200 OK"
2025-07-12 14:00:34,742 - regenerate - INFO -  第 69 个用例生成成功，用时 8.18s
2025-07-12 14:00:34,886 - httpx - INFO - HTTP Request: POST https://ark.cn-beijing.volces.com/api/v3/chat/completions "HTTP/1.1 200 OK"
2025-07-12 14:00:34,886 - regenerate - INFO -  第 63 个用例生成成功，用时 9.20s
2025-07-12 14:00:35,148 - httpx - INFO - HTTP Request: POST https://ark.cn-beijing.volces.com/api/v3/chat/completions "HTTP/1.1 200 OK"
2025-07-12 14:00:35,148 - regenerate - INFO -  第 50 个用例生成成功，用时 18.87s
2025-07-12 14:00:36,744 - httpx - INFO - HTTP Request: POST https://ark.cn-beijing.volces.com/api/v3/chat/completions "HTTP/1.1 200 OK"
2025-07-12 14:00:36,745 - regenerate - INFO -  第 70 个用例生成成功，用时 10.13s
2025-07-12 14:00:37,029 - httpx - INFO - HTTP Request: POST https://ark.cn-beijing.volces.com/api/v3/chat/completions "HTTP/1.1 200 OK"
2025-07-12 14:00:37,030 - regenerate - INFO -  第 73 个用例生成成功，用时 8.86s
2025-07-12 14:00:37,200 - httpx - INFO - HTTP Request: POST https://ark.cn-beijing.volces.com/api/v3/chat/completions "HTTP/1.1 200 OK"
2025-07-12 14:00:37,201 - regenerate - INFO -  第 72 个用例生成成功，用时 9.83s
2025-07-12 14:00:37,539 - httpx - INFO - HTTP Request: POST https://ark.cn-beijing.volces.com/api/v3/chat/completions "HTTP/1.1 200 OK"
2025-07-12 14:00:37,540 - regenerate - INFO -  第 77 个用例生成成功，用时 8.23s
2025-07-12 14:00:38,256 - httpx - INFO - HTTP Request: POST https://ark.cn-beijing.volces.com/api/v3/chat/completions "HTTP/1.1 200 OK"
2025-07-12 14:00:38,256 - regenerate - INFO -  第 68 个用例生成成功，用时 11.84s
2025-07-12 14:00:38,267 - httpx - INFO - HTTP Request: POST https://ark.cn-beijing.volces.com/api/v3/chat/completions "HTTP/1.1 200 OK"
2025-07-12 14:00:38,267 - regenerate - INFO -  第 75 个用例生成成功，用时 9.90s
2025-07-12 14:00:38,406 - httpx - INFO - HTTP Request: POST https://ark.cn-beijing.volces.com/api/v3/chat/completions "HTTP/1.1 200 OK"
2025-07-12 14:00:38,407 - regenerate - INFO -  第 76 个用例生成成功，用时 9.50s
2025-07-12 14:00:38,707 - httpx - INFO - HTTP Request: POST https://ark.cn-beijing.volces.com/api/v3/chat/completions "HTTP/1.1 200 OK"
2025-07-12 14:00:38,707 - regenerate - INFO -  第 71 个用例生成成功，用时 11.41s
2025-07-12 14:00:39,871 - httpx - INFO - HTTP Request: POST https://ark.cn-beijing.volces.com/api/v3/chat/completions "HTTP/1.1 200 OK"
2025-07-12 14:00:39,872 - regenerate - INFO -  第 82 个用例生成成功，用时 8.12s
2025-07-12 14:00:40,251 - httpx - INFO - HTTP Request: POST https://ark.cn-beijing.volces.com/api/v3/chat/completions "HTTP/1.1 200 OK"
2025-07-12 14:00:40,252 - regenerate - INFO -  第 80 个用例生成成功，用时 9.60s
2025-07-12 14:00:40,844 - httpx - INFO - HTTP Request: POST https://ark.cn-beijing.volces.com/api/v3/chat/completions "HTTP/1.1 200 OK"
2025-07-12 14:00:40,845 - regenerate - INFO -  第 78 个用例生成成功，用时 10.67s
2025-07-12 14:00:41,024 - httpx - INFO - HTTP Request: POST https://ark.cn-beijing.volces.com/api/v3/chat/completions "HTTP/1.1 200 OK"
2025-07-12 14:00:41,025 - regenerate - INFO -  第 64 个用例生成成功，用时 15.25s
2025-07-12 14:00:42,346 - httpx - INFO - HTTP Request: POST https://ark.cn-beijing.volces.com/api/v3/chat/completions "HTTP/1.1 200 OK"
2025-07-12 14:00:42,347 - regenerate - INFO -  第 79 个用例生成成功，用时 11.76s
2025-07-12 14:00:42,575 - httpx - INFO - HTTP Request: POST https://ark.cn-beijing.volces.com/api/v3/chat/completions "HTTP/1.1 200 OK"
2025-07-12 14:00:42,575 - regenerate - INFO -  第 85 个用例生成成功，用时 10.12s
2025-07-12 14:00:42,608 - httpx - INFO - HTTP Request: POST https://ark.cn-beijing.volces.com/api/v3/chat/completions "HTTP/1.1 200 OK"
2025-07-12 14:00:42,608 - regenerate - INFO -  第 67 个用例生成成功，用时 16.49s
2025-07-12 14:00:44,988 - httpx - INFO - HTTP Request: POST https://ark.cn-beijing.volces.com/api/v3/chat/completions "HTTP/1.1 200 OK"
2025-07-12 14:00:44,989 - regenerate - INFO -  第 74 个用例生成成功，用时 16.80s
2025-07-12 14:00:45,268 - httpx - INFO - HTTP Request: POST https://ark.cn-beijing.volces.com/api/v3/chat/completions "HTTP/1.1 200 OK"
2025-07-12 14:00:45,269 - regenerate - INFO -  第 83 个用例生成成功，用时 12.99s
2025-07-12 14:00:45,598 - httpx - INFO - HTTP Request: POST https://ark.cn-beijing.volces.com/api/v3/chat/completions "HTTP/1.1 200 OK"
2025-07-12 14:00:45,598 - regenerate - INFO -  第 81 个用例生成成功，用时 14.93s
2025-07-12 14:00:48,671 - httpx - INFO - HTTP Request: POST https://ark.cn-beijing.volces.com/api/v3/chat/completions "HTTP/1.1 200 OK"
2025-07-12 14:00:48,671 - regenerate - INFO -  第 84 个用例生成成功，用时 16.28s
2025-07-12 14:00:48,671 - regenerate - INFO - 重新生成测试用例完成，成功 85，失败 0
2025-07-12 14:00:48,672 - main - INFO - 重新生成成功，耗时 125.37 秒
2025-07-12 14:02:24,462 - uvicorn.error - INFO - Shutting down
2025-07-12 14:02:24,571 - uvicorn.error - INFO - Waiting for application shutdown.
2025-07-12 14:02:24,572 - uvicorn.error - INFO - Application shutdown complete.
2025-07-12 14:02:24,572 - uvicorn.error - INFO - Finished server process [14924]
