2025-07-13 22:14:28,477 - __main__ - INFO - ==================================================
2025-07-13 22:14:28,477 - __main__ - INFO - 应用程序启动 - 日志系统初始化完成
2025-07-13 22:14:28,478 - __main__ - INFO - 日志文件路径: D:\pythonProject\generateTestCases\logs\app_20250713_221428.log
2025-07-13 22:14:28,478 - __main__ - INFO - ==================================================
2025-07-13 22:14:28,485 - __main__ - INFO - 启动 frpc: D:\pythonProject\generateTestCases\frpc.exe -c D:\pythonProject\generateTestCases\frpc.toml
2025-07-13 22:14:28,545 - __main__ - INFO - frpc 启动成功
2025-07-13 22:14:28,620 - main - INFO - ==================================================
2025-07-13 22:14:28,621 - main - INFO - 应用程序启动 - 日志系统初始化完成
2025-07-13 22:14:28,621 - main - INFO - 日志文件路径: D:\pythonProject\generateTestCases\logs\app_20250713_221428.log
2025-07-13 22:14:28,621 - main - INFO - ==================================================
2025-07-13 22:14:28,624 - uvicorn.error - INFO - Started server process [25180]
2025-07-13 22:14:28,624 - uvicorn.error - INFO - Waiting for application startup.
2025-07-13 22:14:28,624 - uvicorn.error - INFO - Application startup complete.
2025-07-13 22:14:28,625 - uvicorn.error - INFO - Uvicorn running on http://0.0.0.0:8080 (Press CTRL+C to quit)
2025-07-13 22:14:30,870 - main - INFO - 开始重新生成测试用例，使用 document_id=None
2025-07-13 22:14:31,105 - httpx - INFO - HTTP Request: GET https://open.feishu.cn/open-apis/docx/v1/documents/None/blocks?limit=100 "HTTP/1.1 400 Bad Request"
2025-07-13 22:14:31,105 - feishu_api - ERROR - 飞书文档块接口返回状态错误: 400
2025-07-13 22:14:31,106 - feishu_api - ERROR - 获取飞书文档块失败: 飞书文档块接口错误，状态码400
2025-07-13 22:14:31,106 - main - ERROR - 重新生成失败
Traceback (most recent call last):
  File "D:\pythonProject\generateTestCases\feishu_api.py", line 22, in fetch_all_blocks
    resp.raise_for_status()
  File "D:\pythonProject\venv\Lib\site-packages\httpx\_models.py", line 829, in raise_for_status
    raise HTTPStatusError(message, request=request, response=self)
httpx.HTTPStatusError: Client error '400 Bad Request' for url 'https://open.feishu.cn/open-apis/docx/v1/documents/None/blocks?limit=100'
For more information check: https://developer.mozilla.org/en-US/docs/Web/HTTP/Status/400

During handling of the above exception, another exception occurred:

Traceback (most recent call last):
  File "D:\pythonProject\generateTestCases\feishu_api.py", line 150, in get_feishu_doc_content
    blocks = await fetch_all_blocks(document_id, user_access_token)
             ^^^^^^^^^^^^^^^^^^^^^^^^^^^^^^^^^^^^^^^^^^^^^^^^^^^^^^
  File "D:\pythonProject\generateTestCases\feishu_api.py", line 29, in fetch_all_blocks
    raise RuntimeError(f"飞书文档块接口错误，状态码{e.response.status_code}")
RuntimeError: 飞书文档块接口错误，状态码400

During handling of the above exception, another exception occurred:

Traceback (most recent call last):
  File "D:\pythonProject\generateTestCases\main.py", line 190, in regenerate_testcases_api
    result = await get_feishu_doc_content(document_id, user_token)
             ^^^^^^^^^^^^^^^^^^^^^^^^^^^^^^^^^^^^^^^^^^^^^^^^^^^^^
  File "D:\pythonProject\generateTestCases\feishu_api.py", line 153, in get_feishu_doc_content
    raise RuntimeError("获取飞书文档内容失败")
RuntimeError: 获取飞书文档内容失败
2025-07-13 22:17:16,601 - uvicorn.error - INFO - Shutting down
2025-07-13 22:17:16,710 - uvicorn.error - INFO - Waiting for application shutdown.
2025-07-13 22:17:16,710 - uvicorn.error - INFO - Application shutdown complete.
2025-07-13 22:17:16,710 - uvicorn.error - INFO - Finished server process [25180]
