2025-07-13 23:00:28,231 - __main__ - INFO - ==================================================
2025-07-13 23:00:28,231 - __main__ - INFO - 应用程序启动 - 日志系统初始化完成
2025-07-13 23:00:28,231 - __main__ - INFO - 日志文件路径: D:\pythonProject\generateTestCases\logs\app_20250713_230028.log
2025-07-13 23:00:28,232 - __main__ - INFO - ==================================================
2025-07-13 23:00:28,238 - __main__ - INFO - 启动 frpc: D:\pythonProject\generateTestCases\frpc.exe -c D:\pythonProject\generateTestCases\frpc.toml
2025-07-13 23:00:28,336 - __main__ - INFO - frpc 启动成功
2025-07-13 23:00:28,400 - main - INFO - ==================================================
2025-07-13 23:00:28,401 - main - INFO - 应用程序启动 - 日志系统初始化完成
2025-07-13 23:00:28,401 - main - INFO - 日志文件路径: D:\pythonProject\generateTestCases\logs\app_20250713_230028.log
2025-07-13 23:00:28,401 - main - INFO - ==================================================
2025-07-13 23:00:28,404 - uvicorn.error - INFO - Started server process [17460]
2025-07-13 23:00:28,405 - uvicorn.error - INFO - Waiting for application startup.
2025-07-13 23:00:28,405 - uvicorn.error - INFO - Application startup complete.
2025-07-13 23:00:28,405 - uvicorn.error - INFO - Uvicorn running on http://0.0.0.0:8080 (Press CTRL+C to quit)
2025-07-13 23:00:31,256 - feishu_api - ERROR - 请求飞书文档块出错: [Errno 11001] getaddrinfo failed
2025-07-13 23:00:31,256 - feishu_api - ERROR - 获取飞书文档块失败: 请求飞书文档块时网络错误
2025-07-13 23:00:31,256 - main - ERROR - 从飞书获取文档内容失败: 获取飞书文档内容失败
2025-07-13 23:00:41,519 - httpx - INFO - HTTP Request: GET https://open.feishu.cn/open-apis/docx/v1/documents/HuGxdTBuSoIGPLxyVFxcYQlrnNd/blocks?limit=100 "HTTP/1.1 200 OK"
2025-07-13 23:00:42,084 - httpx - INFO - HTTP Request: GET https://open.feishu.cn/open-apis/drive/v1/medias/batch_get_tmp_download_url?file_tokens=TgEKbWEBAo8NLixzkxMchwptnpg "HTTP/1.1 200 OK"
2025-07-13 23:00:42,456 - httpx - INFO - HTTP Request: GET https://open.feishu.cn/open-apis/drive/v1/medias/batch_get_tmp_download_url?file_tokens=SkDEbgOKsoteNwxRDY1cvMAjndf "HTTP/1.1 200 OK"
2025-07-13 23:00:42,811 - httpx - INFO - HTTP Request: GET https://open.feishu.cn/open-apis/drive/v1/medias/batch_get_tmp_download_url?file_tokens=Y1zAbRUnxowpqyxEkfKc1t3Mnph "HTTP/1.1 200 OK"
2025-07-13 23:00:43,162 - httpx - INFO - HTTP Request: GET https://open.feishu.cn/open-apis/drive/v1/medias/batch_get_tmp_download_url?file_tokens=FmJybjFF3o2UVSxDTtbcGSdRnXd "HTTP/1.1 200 OK"
2025-07-13 23:00:43,508 - httpx - INFO - HTTP Request: GET https://open.feishu.cn/open-apis/drive/v1/medias/batch_get_tmp_download_url?file_tokens=IehHb80ino8l8Tx6VHAciwJwnse "HTTP/1.1 200 OK"
2025-07-13 23:00:43,509 - main - INFO - 提取的 PRD 文本:
## B端产品登录功能需求文档范文

### 1.1 功能概述

1.1.1 业务流程图

![image](https://internal-api-drive-stream.feishu.cn/space/api/box/stream/download/authcode/?code=ZjU5OGU2MjNmMDNmOTc1Y2UyNmMxZWRhOWRjNTAyNWZfZWFhYWFkMWU2ZDExYTE2NzZiZGQ5Y2YzNzEwODFkZDVfSUQ6NzUyNDkzMzk1NzAyMTIzNzI1Ml8xNzUyNDE4ODQyOjE3NTI1MDUyNDJfVjM)

1.1.2 功能架构

### 1.2 功能说明

1.2.1 账号登录

1.2.1.1 业务流程

用户打开登录网址进入登录页面；

输入登录账号、密码、验证码进行登录；

1.2.1.2 页面原型

![image](https://internal-api-drive-stream.feishu.cn/space/api/box/stream/download/authcode/?code=ZTFlNDNkNjU0MzY1YjlkYjZmZDFkZGI1YTQ2ZjgyNzNfYjI5YTVmNWZiOWUyNWJlYjRhOGYyN2I3ZWI1ZGVmOWVfSUQ6NzUyNDkzMzk1Mzk3MjIyNDAwMl8xNzUyNDE4ODQyOjE3NTI1MDUyNDJfVjM)

1.2.1.3 逻辑说明

账号输入框：输入账号后显示清空操作按钮，点击清空按钮清空已输入的账号；

密码输入框：输入密码后显示密码明文查看按钮及清空按钮，鼠标按下明文查看按钮密码明文展示，鼠标松开后密文展示，点击清空按钮清空已输入密码；

验证码：验证码为4位随机的大写英文字母，单击验证码展示区域刷新验证码，验证码有效期为60秒；

所有输入框获取焦点时提示文字消失且边框变为绿色，失去焦点时恢复原状；

【登录】按钮：点击【登录】按钮时依次校验登录账号、密码、验证码，若某一项校验出问题则在对应输入框下方红字提醒用户错误原因，全部校验通过则成功登录并进入系统首页；

【找回密码】按钮：点击【找回密码】按钮跳转至找回密码页面；

账号首次成功登录时弹窗提示账号首次登录时需修改初始密码，点击【确定】按钮跳转至修改初始密码页面，初始密码修改后需要重新输入账号、密码、验证码进行登录；

1.2.2 重置初始密码

1.2.2.1 业务流程

用户初次成功登录账号后弹窗提示用户修改初始密码；

点击弹窗的【确定】按钮后页面跳转至重置初始密码页面；

1.2.2.2 页面原型

![image](https://internal-api-drive-stream.feishu.cn/space/api/box/stream/download/authcode/?code=NzkwZjdhZTI1Mzc0MDMzYjQ4ZjlmNWNiMzdlYThmYTRfYTY4MmE4NmFiNDczYzVhNmU4NjhlNGMxYTU2ZmJjMGZfSUQ6NzUyNDkzMzk1NTY1NDg3NzE4Nl8xNzUyNDE4ODQyOjE3NTI1MDUyNDJfVjM)

1.2.2.3 业务逻辑

新密码输入框：输入密码后显示密码明文查看按钮及清空按钮，鼠标按下明文查看按钮密码明文展示，鼠标松开后密文展示，点击清空按钮清空已输入密码；

确认密码：输入密码后显示密码明文查看按钮及清空按钮，鼠标按下明文查看按钮密码明文展示，鼠标松开后密文展示，点击清空按钮清空已输入密码；

验证码：点击【获取验证码】按钮向登录账号绑定手机号发送6位随机数字验证码，验证码已发送后【获取验证码】按钮展示60秒倒计时，倒计时结束后恢复原状，验证码有效期为60秒；

所有输入框获取焦点时提示文字消失且输入框边框变为绿色，失去焦点时恢复原状；

【取消】按钮：点击【取消】按钮取消修改初始密码，返回至登录页面；

【提交】按钮：点击【提交】按钮依次校验密码、验证码，若某一项校验出问题则在对应输入框下方红字提醒用户错误原因，全部校验通过则提示重置密码成功，然后返回至登录页面；

1.2.3 找回密码

1.2.3.1 业务流程

用户打开登录网址进入登录页面；

忘记登录密码后在登录页面页面点击【找回密码】按钮进入找回密码页面；

1.2.3.2 页面原型

![image](https://internal-api-drive-stream.feishu.cn/space/api/box/stream/download/authcode/?code=NTA2YTU0NjUwYWE3ZDQzZDg4MTM1MWVhZDI5M2IzMTBfMzRmOWE5NTlmYmI2ODEwZmNhZGJlYzQ2NjRjMDZjZjZfSUQ6NzUyNDkzMzk1MzM5NTAxNTcwOF8xNzUyNDE4ODQzOjE3NTI1MDUyNDNfVjM)

1.2.3.3 业务逻辑

新密码输入框：输入密码后显示密码明文查看按钮及清空按钮，鼠标按下明文查看按钮密码明文展示，鼠标松开后密文展示，点击清空按钮清空已输入密码；

确认密码：输入密码后显示密码明文查看按钮及清空按钮，鼠标按下明文查看按钮密码明文展示，鼠标松开后密文展示，点击清空按钮清空已输入密码；

验证码：点击【获取验证码】按钮向登录账号绑定手机号发送6位随机数字验证码，验证码已发送后【获取验证码】按钮展示60秒倒计时，倒计时结束后恢复原状，验证码有效期为60秒；

所有输入框获取焦点时提示文字消失且输入框边框变为绿色，失去焦点时恢复原状；

【取消】按钮：点击【取消】按钮取消修改初始密码，返回至登录页面；

【提交】按钮：点击【提交】按钮依次校验密码、验证码，若某一项校验出问题则在对应输入框下方红字提醒用户错误原因，全部校验通过则提示重置密码成功，然后返回至登录页面；

1.2.4 修改密码

1.2.4.1 业务流程

用户成功登录账号；

在我的页面选择修改密码进入修改密码页面；

1.2.4.2 页面原型

![image](https://internal-api-drive-stream.feishu.cn/space/api/box/stream/download/authcode/?code=NDRjMzkyYjQzY2ZlOTUzYjZlMDg1ZTRiMzg2ZmUxYTZfNzE1NTljMDY4YzNlOTFmYjI3MjRmMDc2YzZlNGZkNjJfSUQ6NzUyNDkzMzk1NzE1OTM1NDM5Nl8xNzUyNDE4ODQzOjE3NTI1MDUyNDNfVjM)

1.2.4.3 业务逻辑

原密码输入框：输入密码后显示密码明文查看按钮及清空按钮，鼠标按下明文查看按钮密码明文展示，鼠标松开后密文展示，点击清空按钮清空已输入密码；

新密码输入框：输入密码后显示密码明文查看按钮及清空按钮，鼠标按下明文查看按钮密码明文展示，鼠标松开后密文展示，点击清空按钮清空已输入密码；

确认密码：输入密码后显示密码明文查看按钮及清空按钮，鼠标按下明文查看按钮密码明文展示，鼠标松开后密文展示，点击清空按钮清空已输入密码；

验证码：点击【获取验证码】按钮向登录账号绑定手机号发送6位随机数字验证码，验证码已发送后【获取验证码】按钮展示60秒倒计时，倒计时结束后恢复原状，验证码有效期为60秒；

所有输入框获取焦点时提示文字消失且输入框边框变为绿色，失去焦点时恢复原状；

【取消】按钮：点击【取消】按钮取消修改密码，返回至我的页面；

【提交】按钮：点击【提交】按钮依次校验密码、验证码，若某一项校验出问题则在对应输入框下方红字提醒用户错误原因，全部校验通过则提示重置密码成功；


2025-07-13 23:00:43,511 - main - INFO - 调用图谱重新生成测试用例
2025-07-13 23:00:43,522 - regenerate - INFO - [Step 1] 开始处理图像内容
2025-07-13 23:00:43,522 - regenerate - INFO - [Step 1] 发现 5 张图片，开始识别...
2025-07-13 23:00:43,523 - regenerate - INFO -   处理图片 1/5: https://internal-api-drive-stream.feishu.cn/space/...
2025-07-13 23:00:44,341 - httpx - INFO - HTTP Request: POST https://ark.cn-beijing.volces.com/api/v3/chat/completions "HTTP/1.1 400 Bad Request"
2025-07-13 23:00:44,342 - regenerate - WARNING -   图片尺寸过大，使用替代描述: https://internal-api-drive-stream.feishu.cn/space/api/box/stream/download/authcode/?code=ZjU5OGU2MjNmMDNmOTc1Y2UyNmMxZWRhOWRjNTAyNWZfZWFhYWFkMWU2ZDExYTE2NzZiZGQ5Y2YzNzEwODFkZDVfSUQ6NzUyNDkzMzk1NzAyMTIzNzI1Ml8xNzUyNDE4ODQyOjE3NTI1MDUyNDJfVjM
2025-07-13 23:00:44,342 - regenerate - INFO -   处理图片 2/5: https://internal-api-drive-stream.feishu.cn/space/...
2025-07-13 23:00:48,804 - httpx - INFO - HTTP Request: POST https://ark.cn-beijing.volces.com/api/v3/chat/completions "HTTP/1.1 200 OK"
2025-07-13 23:00:48,804 - regenerate - INFO -   处理图片 3/5: https://internal-api-drive-stream.feishu.cn/space/...
2025-07-13 23:00:53,571 - httpx - INFO - HTTP Request: POST https://ark.cn-beijing.volces.com/api/v3/chat/completions "HTTP/1.1 200 OK"
2025-07-13 23:00:53,572 - regenerate - INFO -   处理图片 4/5: https://internal-api-drive-stream.feishu.cn/space/...
2025-07-13 23:00:58,878 - httpx - INFO - HTTP Request: POST https://ark.cn-beijing.volces.com/api/v3/chat/completions "HTTP/1.1 200 OK"
2025-07-13 23:00:58,879 - regenerate - INFO -   处理图片 5/5: https://internal-api-drive-stream.feishu.cn/space/...
2025-07-13 23:01:03,737 - httpx - INFO - HTTP Request: POST https://ark.cn-beijing.volces.com/api/v3/chat/completions "HTTP/1.1 200 OK"
2025-07-13 23:01:03,738 - regenerate - INFO - [Step 1] 图像处理完成，共处理 5 张图片
2025-07-13 23:01:03,738 - regenerate - INFO - ## B端产品登录功能需求文档范文

### 1.1 功能概述

1.1.1 业务流程图

【图像描述】页面结构示意图

1.1.2 功能架构

### 1.2 功能说明

1.2.1 账号登录

1.2.1.1 业务流程

用户打开登录网址进入登录页面；

输入登录账号、密码、验证码进行登录；

1.2.1.2 页面原型

【图像描述】模块名：登录模块
步骤1：用户进入登录页，在“登录账号”输入框输入手机号
步骤2：在“新密码”输入框输入密码（限制6-16位字符）
步骤3：在“确认密码”输入框再次输入密码（限制6-16位字符）
步骤4：点击“获取验证码”，在“验证码”输入框输入收到的验证码
步骤5：点击“提交”
关键控件：
- 登录账号输入框：输入手机号
- 新密码输入框：输入6-16位字符密码
- 确认密码输入框：再次输入6-16位字符密码
- 获取验证码按钮：点击获取验证码
- 验证码输入框：输入收到的验证码
- 提交按钮：点击提交信息
- 取消按钮：点击取消操作
状态提示：
- 提交成功时，提示“账号首次登录时需要重置初始密码！”
- 输入密码不符合要求时，输入框下方显示对应提示（如“至少包括数字、小写字母、大写字母、特殊符号中的两种”）

1.2.1.3 逻辑说明

账号输入框：输入账号后显示清空操作按钮，点击清空按钮清空已输入的账号；

密码输入框：输入密码后显示密码明文查看按钮及清空按钮，鼠标按下明文查看按钮密码明文展示，鼠标松开后密文展示，点击清空按钮清空已输入密码；

验证码：验证码为4位随机的大写英文字母，单击验证码展示区域刷新验证码，验证码有效期为60秒；

所有输入框获取焦点时提示文字消失且边框变为绿色，失去焦点时恢复原状；

【登录】按钮：点击【登录】按钮时依次校验登录账号、密码、验证码，若某一项校验出问题则在对应输入框下方红字提醒用户错误原因，全部校验通过则成功登录并进入系统首页；

【找回密码】按钮：点击【找回密码】按钮跳转至找回密码页面；

账号首次成功登录时弹窗提示账号首次登录时需修改初始密码，点击【确定】按钮跳转至修改初始密码页面，初始密码修改后需要重新输入账号、密码、验证码进行登录；

1.2.2 重置初始密码

1.2.2.1 业务流程

用户初次成功登录账号后弹窗提示用户修改初始密码；

点击弹窗的【确定】按钮后页面跳转至重置初始密码页面；

1.2.2.2 页面原型

【图像描述】修改初始密码模块：
- 关键控件：
  - 新密码输入框：输入8-10位密码，至少包括数字、小写字母、大写字母、特殊符号中的两种
  - 确认密码输入框：输入8-10位密码，至少包括数字、小写字母、大写字母、特殊符号中的两种
  - 验证短信输入框：输入验证码
  - 获取验证码按钮：点击获取验证码
  - 取消按钮：点击取消修改密码操作
  - 提交按钮：点击提交修改密码信息
- 核心交互：
  - 步骤1：用户进入修改初始密码页面
  - 步骤2：在新密码输入框输入新密码
  - 步骤3：在确认密码输入框输入确认密码
  - 步骤4：点击获取验证码按钮获取验证码
  - 步骤5：在验证短信输入框输入验证码
  - 步骤6：点击提交按钮提交修改密码信息
- 状态提示（假设）：
  - 密码格式不正确时，输入框下方显示提示：“密码需8-10位，至少包括数字、小写字母、大写字母、特殊符号中的两种”
  - 两次密码输入不一致时，显示提示：“两次输入密码不一致”
  - 验证码错误时，显示提示：“验证码错误”
  - 提交成功时，页面提示：“密码修改成功”

1.2.2.3 业务逻辑

新密码输入框：输入密码后显示密码明文查看按钮及清空按钮，鼠标按下明文查看按钮密码明文展示，鼠标松开后密文展示，点击清空按钮清空已输入密码；

确认密码：输入密码后显示密码明文查看按钮及清空按钮，鼠标按下明文查看按钮密码明文展示，鼠标松开后密文展示，点击清空按钮清空已输入密码；

验证码：点击【获取验证码】按钮向登录账号绑定手机号发送6位随机数字验证码，验证码已发送后【获取验证码】按钮展示60秒倒计时，倒计时结束后恢复原状，验证码有效期为60秒；

所有输入框获取焦点时提示文字消失且输入框边框变为绿色，失去焦点时恢复原状；

【取消】按钮：点击【取消】按钮取消修改初始密码，返回至登录页面；

【提交】按钮：点击【提交】按钮依次校验密码、验证码，若某一项校验出问题则在对应输入框下方红字提醒用户错误原因，全部校验通过则提示重置密码成功，然后返回至登录页面；

1.2.3 找回密码

1.2.3.1 业务流程

用户打开登录网址进入登录页面；

忘记登录密码后在登录页面页面点击【找回密码】按钮进入找回密码页面；

1.2.3.2 页面原型

【图像描述】模块名：找回密码页面
核心交互：
步骤1：用户进入找回密码页面
步骤2：输入登录账号（手机号）
步骤3：输入新密码
步骤4：确认密码
步骤5：输入验证短信
步骤6：点击“提交”按钮
关键控件：
- 登录账号输入框：输入手机号
- 新密码输入框：输入8-10位密码
- 确认密码输入框：再次输入8-10位密码
- 验证短信输入框：输入验证码
- 获取验证码按钮：点击获取验证码
- 取消按钮：点击取消操作
- 提交按钮：点击提交信息
状态提示：
- 新密码和确认密码输入框右侧提示：至少包括数字、小写字母、大写字母、特殊符号中的两种（正常状态提示）

1.2.3.3 业务逻辑

新密码输入框：输入密码后显示密码明文查看按钮及清空按钮，鼠标按下明文查看按钮密码明文展示，鼠标松开后密文展示，点击清空按钮清空已输入密码；

确认密码：输入密码后显示密码明文查看按钮及清空按钮，鼠标按下明文查看按钮密码明文展示，鼠标松开后密文展示，点击清空按钮清空已输入密码；

验证码：点击【获取验证码】按钮向登录账号绑定手机号发送6位随机数字验证码，验证码已发送后【获取验证码】按钮展示60秒倒计时，倒计时结束后恢复原状，验证码有效期为60秒；

所有输入框获取焦点时提示文字消失且输入框边框变为绿色，失去焦点时恢复原状；

【取消】按钮：点击【取消】按钮取消修改初始密码，返回至登录页面；

【提交】按钮：点击【提交】按钮依次校验密码、验证码，若某一项校验出问题则在对应输入框下方红字提醒用户错误原因，全部校验通过则提示重置密码成功，然后返回至登录页面；

1.2.4 修改密码

1.2.4.1 业务流程

用户成功登录账号；

在我的页面选择修改密码进入修改密码页面；

1.2.4.2 页面原型

【图像描述】模块名：密码修改模块

核心交互：
步骤1：用户进入密码修改页面
步骤2：输入原密码
步骤3：输入新密码
步骤4：确认新密码
步骤5：输入验证短信
步骤6：点击“提交”按钮

关键控件：
- 原密码输入框：输入原登录密码
- 新密码输入框：输入8-10位密码，至少包括数字、小写字母、大写字母、特殊符号中的两种
- 确认密码输入框：再次输入8-10位密码，至少包括数字、小写字母、大写字母、特殊符号中的两种
- 验证短信输入框：输入验证码
- 获取验证码按钮：点击获取验证码
- 取消按钮：点击取消密码修改操作
- 提交按钮：点击提交密码修改信息

状态提示：
- 输入新密码或确认密码不符合规则时，输入框右侧显示提示：“至少包括数字、小写字母、大写字母、特殊符号中的两种”
- 提交成功时，完成密码修改操作
- 提交失败时，提示相应错误信息（如原密码错误、验证码错误等）

1.2.4.3 业务逻辑

原密码输入框：输入密码后显示密码明文查看按钮及清空按钮，鼠标按下明文查看按钮密码明文展示，鼠标松开后密文展示，点击清空按钮清空已输入密码；

新密码输入框：输入密码后显示密码明文查看按钮及清空按钮，鼠标按下明文查看按钮密码明文展示，鼠标松开后密文展示，点击清空按钮清空已输入密码；

确认密码：输入密码后显示密码明文查看按钮及清空按钮，鼠标按下明文查看按钮密码明文展示，鼠标松开后密文展示，点击清空按钮清空已输入密码；

验证码：点击【获取验证码】按钮向登录账号绑定手机号发送6位随机数字验证码，验证码已发送后【获取验证码】按钮展示60秒倒计时，倒计时结束后恢复原状，验证码有效期为60秒；

所有输入框获取焦点时提示文字消失且输入框边框变为绿色，失去焦点时恢复原状；

【取消】按钮：点击【取消】按钮取消修改密码，返回至我的页面；

【提交】按钮：点击【提交】按钮依次校验密码、验证码，若某一项校验出问题则在对应输入框下方红字提醒用户错误原因，全部校验通过则提示重置密码成功；


2025-07-13 23:01:03,742 - regenerate - INFO - [Step 2] 尝试直接从 PRD 文本提取标题
2025-07-13 23:01:03,742 - regenerate - INFO - [Step 2] 提取标题成功: B端产品登录功能需求文档范文
2025-07-13 23:01:03,743 - regenerate - INFO - [重新生成 Step 3] 根据评测报告和反馈生成新的测试点
2025-07-13 23:02:14,473 - uvicorn.error - INFO - Shutting down
2025-07-13 23:02:14,583 - uvicorn.error - INFO - Waiting for background tasks to complete. (CTRL+C to force quit)
