2025-07-09 11:45:42,752 - __main__ - INFO - ==================================================
2025-07-09 11:45:42,753 - __main__ - INFO - 应用程序启动 - 日志系统初始化完成
2025-07-09 11:45:42,753 - __main__ - INFO - 日志文件路径: D:\pythonProject\generateTestCases\logs\app_20250709_114542.log
2025-07-09 11:45:42,753 - __main__ - INFO - ==================================================
2025-07-09 11:45:42,755 - __main__ - INFO - 启动 frpc: D:\pythonProject\generateTestCases\frpc.exe -c D:\pythonProject\generateTestCases\frpc.toml
2025-07-09 11:45:42,814 - __main__ - INFO - frpc 启动成功
2025-07-09 11:45:42,860 - main - INFO - ==================================================
2025-07-09 11:45:42,860 - main - INFO - 应用程序启动 - 日志系统初始化完成
2025-07-09 11:45:42,860 - main - INFO - 日志文件路径: D:\pythonProject\generateTestCases\logs\app_20250709_114542.log
2025-07-09 11:45:42,860 - main - INFO - ==================================================
2025-07-09 11:45:42,863 - uvicorn.error - INFO - Started server process [19708]
2025-07-09 11:45:42,863 - uvicorn.error - INFO - Waiting for application startup.
2025-07-09 11:45:42,863 - uvicorn.error - INFO - Application startup complete.
2025-07-09 11:45:42,864 - uvicorn.error - INFO - Uvicorn running on http://0.0.0.0:8080 (Press CTRL+C to quit)
2025-07-09 11:45:48,980 - main - INFO - 收到飞书请求，document_id=KExEdM3URoe4JdxRyU6cduwHnZd
2025-07-09 11:45:49,282 - httpx - INFO - HTTP Request: GET https://open.feishu.cn/open-apis/docx/v1/documents/KExEdM3URoe4JdxRyU6cduwHnZd/blocks?limit=100 "HTTP/1.1 429 Too Many Requests"
2025-07-09 11:45:49,283 - main - ERROR - 生成测试用例失败
Traceback (most recent call last):
  File "D:\pythonProject\generateTestCases\main.py", line 136, in generate_testcases_api
    result = await get_feishu_doc_content_with_ocr(request_data.document_id, request_data.user_access_token)
             ^^^^^^^^^^^^^^^^^^^^^^^^^^^^^^^^^^^^^^^^^^^^^^^^^^^^^^^^^^^^^^^^^^^^^^^^^^^^^^^^^^^^^^^^^^^^^^^
  File "D:\pythonProject\generateTestCases\feishu_api.py", line 168, in get_feishu_doc_content_with_ocr
    blocks = await fetch_all_blocks(document_id, user_access_token)
             ^^^^^^^^^^^^^^^^^^^^^^^^^^^^^^^^^^^^^^^^^^^^^^^^^^^^^^
  File "D:\pythonProject\generateTestCases\feishu_api.py", line 28, in fetch_all_blocks
    resp.raise_for_status()
  File "D:\pythonProject\venv\Lib\site-packages\httpx\_models.py", line 829, in raise_for_status
    raise HTTPStatusError(message, request=request, response=self)
httpx.HTTPStatusError: Client error '429 Too Many Requests' for url 'https://open.feishu.cn/open-apis/docx/v1/documents/KExEdM3URoe4JdxRyU6cduwHnZd/blocks?limit=100'
For more information check: https://developer.mozilla.org/en-US/docs/Web/HTTP/Status/429
2025-07-09 11:45:52,885 - uvicorn.error - INFO - Shutting down
2025-07-09 11:45:52,997 - uvicorn.error - INFO - Waiting for application shutdown.
2025-07-09 11:45:52,998 - uvicorn.error - INFO - Application shutdown complete.
2025-07-09 11:45:52,999 - uvicorn.error - INFO - Finished server process [19708]
