2025-07-13 22:22:28,835 - __main__ - INFO - ==================================================
2025-07-13 22:22:28,835 - __main__ - INFO - 应用程序启动 - 日志系统初始化完成
2025-07-13 22:22:28,836 - __main__ - INFO - 日志文件路径: D:\pythonProject\generateTestCases\logs\app_20250713_222228.log
2025-07-13 22:22:28,836 - __main__ - INFO - ==================================================
2025-07-13 22:22:28,839 - __main__ - INFO - 启动 frpc: D:\pythonProject\generateTestCases\frpc.exe -c D:\pythonProject\generateTestCases\frpc.toml
2025-07-13 22:22:28,895 - __main__ - INFO - frpc 启动成功
2025-07-13 22:22:28,956 - main - INFO - ==================================================
2025-07-13 22:22:28,956 - main - INFO - 应用程序启动 - 日志系统初始化完成
2025-07-13 22:22:28,956 - main - INFO - 日志文件路径: D:\pythonProject\generateTestCases\logs\app_20250713_222228.log
2025-07-13 22:22:28,956 - main - INFO - ==================================================
2025-07-13 22:22:28,959 - uvicorn.error - INFO - Started server process [7760]
2025-07-13 22:22:28,960 - uvicorn.error - INFO - Waiting for application startup.
2025-07-13 22:22:28,960 - uvicorn.error - INFO - Application startup complete.
2025-07-13 22:22:28,960 - uvicorn.error - INFO - Uvicorn running on http://0.0.0.0:8080 (Press CTRL+C to quit)
2025-07-13 22:22:36,324 - main - INFO - 没有提供飞书文档ID和token，跳过文档获取步骤
2025-07-13 22:22:36,324 - main - INFO - 调用图谱重新生成测试用例
2025-07-13 22:22:36,336 - regenerate - INFO - [Step 1] 开始处理图像内容
2025-07-13 22:22:36,337 - regenerate - INFO - [Step 1] 未检测到图片，跳过此步骤
2025-07-13 22:22:36,337 - regenerate - INFO - [Step 2] 尝试直接从 PRD 文本提取标题
2025-07-13 22:22:36,337 - regenerate - INFO - [Step 2] 未提取成功，调用模型
2025-07-13 22:22:54,141 - httpx - INFO - HTTP Request: POST https://ark.cn-beijing.volces.com/api/v3/chat/completions "HTTP/1.1 200 OK"
2025-07-13 22:22:54,143 - regenerate - INFO - [重新生成 Step 3] 根据评测报告和反馈生成新的测试点
2025-07-13 22:23:20,471 - httpx - INFO - HTTP Request: POST https://ark.cn-beijing.volces.com/api/v3/chat/completions "HTTP/1.1 200 OK"
2025-07-13 22:23:20,472 - regenerate - INFO - [重新生成 Step 4] 根据新的测试点生成测试用例
2025-07-13 22:23:20,472 - regenerate - INFO - 生成第 1 个用例，第 1 次尝试
2025-07-13 22:23:20,483 - regenerate - INFO - 生成第 2 个用例，第 1 次尝试
2025-07-13 22:23:20,492 - regenerate - INFO - 生成第 3 个用例，第 1 次尝试
2025-07-13 22:23:20,503 - regenerate - INFO - 生成第 4 个用例，第 1 次尝试
2025-07-13 22:23:20,511 - regenerate - INFO - 生成第 5 个用例，第 1 次尝试
2025-07-13 22:23:20,520 - regenerate - INFO - 生成第 6 个用例，第 1 次尝试
2025-07-13 22:23:20,529 - regenerate - INFO - 生成第 7 个用例，第 1 次尝试
2025-07-13 22:23:20,537 - regenerate - INFO - 生成第 8 个用例，第 1 次尝试
2025-07-13 22:23:20,546 - regenerate - INFO - 生成第 9 个用例，第 1 次尝试
2025-07-13 22:23:20,555 - regenerate - INFO - 生成第 10 个用例，第 1 次尝试
2025-07-13 22:23:20,569 - regenerate - INFO - 生成第 11 个用例，第 1 次尝试
2025-07-13 22:23:20,577 - regenerate - INFO - 生成第 12 个用例，第 1 次尝试
2025-07-13 22:23:20,586 - regenerate - INFO - 生成第 13 个用例，第 1 次尝试
2025-07-13 22:23:20,595 - regenerate - INFO - 生成第 14 个用例，第 1 次尝试
2025-07-13 22:23:20,603 - regenerate - INFO - 生成第 15 个用例，第 1 次尝试
2025-07-13 22:23:20,612 - regenerate - INFO - 生成第 16 个用例，第 1 次尝试
2025-07-13 22:23:20,620 - regenerate - INFO - 生成第 17 个用例，第 1 次尝试
2025-07-13 22:23:20,632 - regenerate - INFO - 生成第 18 个用例，第 1 次尝试
2025-07-13 22:23:20,643 - regenerate - INFO - 生成第 19 个用例，第 1 次尝试
2025-07-13 22:23:20,652 - regenerate - INFO - 生成第 20 个用例，第 1 次尝试
2025-07-13 22:23:20,661 - regenerate - INFO - 生成第 21 个用例，第 1 次尝试
2025-07-13 22:23:20,670 - regenerate - INFO - 生成第 22 个用例，第 1 次尝试
2025-07-13 22:23:20,680 - regenerate - INFO - 生成第 23 个用例，第 1 次尝试
2025-07-13 22:23:20,691 - regenerate - INFO - 生成第 24 个用例，第 1 次尝试
2025-07-13 22:23:20,703 - regenerate - INFO - 生成第 25 个用例，第 1 次尝试
2025-07-13 22:23:20,718 - regenerate - INFO - 生成第 26 个用例，第 1 次尝试
2025-07-13 22:23:20,730 - regenerate - INFO - 生成第 27 个用例，第 1 次尝试
2025-07-13 22:23:20,740 - regenerate - INFO - 生成第 28 个用例，第 1 次尝试
2025-07-13 22:23:20,749 - regenerate - INFO - 生成第 29 个用例，第 1 次尝试
2025-07-13 22:23:20,761 - regenerate - INFO - 生成第 30 个用例，第 1 次尝试
2025-07-13 22:23:28,243 - httpx - INFO - HTTP Request: POST https://ark.cn-beijing.volces.com/api/v3/chat/completions "HTTP/1.1 200 OK"
2025-07-13 22:23:28,246 - regenerate - INFO -  第 5 个用例生成成功，用时 7.73s
2025-07-13 22:23:28,247 - regenerate - INFO - 生成第 31 个用例，第 1 次尝试
2025-07-13 22:23:30,703 - httpx - INFO - HTTP Request: POST https://ark.cn-beijing.volces.com/api/v3/chat/completions "HTTP/1.1 200 OK"
2025-07-13 22:23:30,704 - regenerate - INFO -  第 22 个用例生成成功，用时 10.03s
2025-07-13 22:23:30,704 - regenerate - INFO - 生成第 32 个用例，第 1 次尝试
2025-07-13 22:23:31,014 - httpx - INFO - HTTP Request: POST https://ark.cn-beijing.volces.com/api/v3/chat/completions "HTTP/1.1 200 OK"
2025-07-13 22:23:31,014 - regenerate - INFO -  第 11 个用例生成成功，用时 10.45s
2025-07-13 22:23:31,015 - regenerate - INFO - 生成第 33 个用例，第 1 次尝试
2025-07-13 22:23:31,457 - httpx - INFO - HTTP Request: POST https://ark.cn-beijing.volces.com/api/v3/chat/completions "HTTP/1.1 200 OK"
2025-07-13 22:23:31,458 - regenerate - INFO -  第 1 个用例生成成功，用时 10.99s
2025-07-13 22:23:31,458 - regenerate - INFO - 生成第 34 个用例，第 1 次尝试
2025-07-13 22:23:31,611 - httpx - INFO - HTTP Request: POST https://ark.cn-beijing.volces.com/api/v3/chat/completions "HTTP/1.1 200 OK"
2025-07-13 22:23:31,612 - regenerate - INFO -  第 24 个用例生成成功，用时 10.92s
2025-07-13 22:23:31,612 - regenerate - INFO - 生成第 35 个用例，第 1 次尝试
2025-07-13 22:23:32,854 - httpx - INFO - HTTP Request: POST https://ark.cn-beijing.volces.com/api/v3/chat/completions "HTTP/1.1 200 OK"
2025-07-13 22:23:32,855 - regenerate - INFO -  第 28 个用例生成成功，用时 12.12s
2025-07-13 22:23:32,855 - regenerate - INFO - 生成第 36 个用例，第 1 次尝试
2025-07-13 22:23:33,021 - httpx - INFO - HTTP Request: POST https://ark.cn-beijing.volces.com/api/v3/chat/completions "HTTP/1.1 200 OK"
2025-07-13 22:23:33,022 - regenerate - INFO -  第 14 个用例生成成功，用时 12.43s
2025-07-13 22:23:33,022 - regenerate - INFO - 生成第 37 个用例，第 1 次尝试
2025-07-13 22:23:33,044 - httpx - INFO - HTTP Request: POST https://ark.cn-beijing.volces.com/api/v3/chat/completions "HTTP/1.1 200 OK"
2025-07-13 22:23:33,045 - regenerate - INFO -  第 7 个用例生成成功，用时 12.52s
2025-07-13 22:23:33,045 - regenerate - INFO - 生成第 38 个用例，第 1 次尝试
2025-07-13 22:23:33,269 - httpx - INFO - HTTP Request: POST https://ark.cn-beijing.volces.com/api/v3/chat/completions "HTTP/1.1 200 OK"
2025-07-13 22:23:33,270 - regenerate - INFO -  第 10 个用例生成成功，用时 12.71s
2025-07-13 22:23:33,270 - regenerate - INFO - 生成第 39 个用例，第 1 次尝试
2025-07-13 22:23:33,700 - httpx - INFO - HTTP Request: POST https://ark.cn-beijing.volces.com/api/v3/chat/completions "HTTP/1.1 200 OK"
2025-07-13 22:23:33,703 - regenerate - INFO -  第 9 个用例生成成功，用时 13.16s
2025-07-13 22:23:33,704 - regenerate - INFO - 生成第 40 个用例，第 1 次尝试
2025-07-13 22:23:33,742 - httpx - INFO - HTTP Request: POST https://ark.cn-beijing.volces.com/api/v3/chat/completions "HTTP/1.1 200 OK"
2025-07-13 22:23:33,743 - regenerate - INFO -  第 15 个用例生成成功，用时 13.14s
2025-07-13 22:23:33,743 - regenerate - INFO - 生成第 41 个用例，第 1 次尝试
2025-07-13 22:23:33,833 - httpx - INFO - HTTP Request: POST https://ark.cn-beijing.volces.com/api/v3/chat/completions "HTTP/1.1 200 OK"
2025-07-13 22:23:33,835 - regenerate - INFO -  第 13 个用例生成成功，用时 13.25s
2025-07-13 22:23:34,239 - httpx - INFO - HTTP Request: POST https://ark.cn-beijing.volces.com/api/v3/chat/completions "HTTP/1.1 200 OK"
2025-07-13 22:23:34,239 - regenerate - INFO -  第 21 个用例生成成功，用时 13.58s
2025-07-13 22:23:34,412 - httpx - INFO - HTTP Request: POST https://ark.cn-beijing.volces.com/api/v3/chat/completions "HTTP/1.1 200 OK"
2025-07-13 22:23:34,413 - regenerate - INFO -  第 18 个用例生成成功，用时 13.78s
2025-07-13 22:23:34,618 - httpx - INFO - HTTP Request: POST https://ark.cn-beijing.volces.com/api/v3/chat/completions "HTTP/1.1 200 OK"
2025-07-13 22:23:34,619 - regenerate - INFO -  第 2 个用例生成成功，用时 14.13s
2025-07-13 22:23:35,042 - httpx - INFO - HTTP Request: POST https://ark.cn-beijing.volces.com/api/v3/chat/completions "HTTP/1.1 200 OK"
2025-07-13 22:23:35,043 - regenerate - INFO -  第 4 个用例生成成功，用时 14.54s
2025-07-13 22:23:35,189 - httpx - INFO - HTTP Request: POST https://ark.cn-beijing.volces.com/api/v3/chat/completions "HTTP/1.1 200 OK"
2025-07-13 22:23:35,189 - httpx - INFO - HTTP Request: POST https://ark.cn-beijing.volces.com/api/v3/chat/completions "HTTP/1.1 200 OK"
2025-07-13 22:23:35,190 - regenerate - INFO -  第 3 个用例生成成功，用时 14.70s
2025-07-13 22:23:35,190 - regenerate - INFO -  第 17 个用例生成成功，用时 14.57s
2025-07-13 22:23:35,349 - httpx - INFO - HTTP Request: POST https://ark.cn-beijing.volces.com/api/v3/chat/completions "HTTP/1.1 200 OK"
2025-07-13 22:23:35,350 - regenerate - INFO -  第 16 个用例生成成功，用时 14.74s
2025-07-13 22:23:35,354 - httpx - INFO - HTTP Request: POST https://ark.cn-beijing.volces.com/api/v3/chat/completions "HTTP/1.1 200 OK"
2025-07-13 22:23:35,355 - regenerate - INFO -  第 25 个用例生成成功，用时 14.65s
2025-07-13 22:23:35,398 - httpx - INFO - HTTP Request: POST https://ark.cn-beijing.volces.com/api/v3/chat/completions "HTTP/1.1 200 OK"
2025-07-13 22:23:35,399 - regenerate - INFO -  第 20 个用例生成成功，用时 14.75s
2025-07-13 22:23:36,199 - httpx - INFO - HTTP Request: POST https://ark.cn-beijing.volces.com/api/v3/chat/completions "HTTP/1.1 200 OK"
2025-07-13 22:23:36,201 - regenerate - INFO -  第 23 个用例生成成功，用时 15.52s
2025-07-13 22:23:36,231 - httpx - INFO - HTTP Request: POST https://ark.cn-beijing.volces.com/api/v3/chat/completions "HTTP/1.1 200 OK"
2025-07-13 22:23:36,234 - regenerate - INFO -  第 6 个用例生成成功，用时 15.71s
2025-07-13 22:23:36,279 - httpx - INFO - HTTP Request: POST https://ark.cn-beijing.volces.com/api/v3/chat/completions "HTTP/1.1 200 OK"
2025-07-13 22:23:36,281 - regenerate - INFO -  第 19 个用例生成成功，用时 15.64s
2025-07-13 22:23:36,821 - httpx - INFO - HTTP Request: POST https://ark.cn-beijing.volces.com/api/v3/chat/completions "HTTP/1.1 200 OK"
2025-07-13 22:23:36,822 - regenerate - INFO -  第 26 个用例生成成功，用时 16.10s
2025-07-13 22:23:37,299 - httpx - INFO - HTTP Request: POST https://ark.cn-beijing.volces.com/api/v3/chat/completions "HTTP/1.1 200 OK"
2025-07-13 22:23:37,299 - regenerate - INFO -  第 27 个用例生成成功，用时 16.57s
2025-07-13 22:23:37,949 - httpx - INFO - HTTP Request: POST https://ark.cn-beijing.volces.com/api/v3/chat/completions "HTTP/1.1 200 OK"
2025-07-13 22:23:37,950 - regenerate - INFO -  第 12 个用例生成成功，用时 17.37s
2025-07-13 22:23:39,344 - httpx - INFO - HTTP Request: POST https://ark.cn-beijing.volces.com/api/v3/chat/completions "HTTP/1.1 200 OK"
2025-07-13 22:23:39,344 - regenerate - INFO -  第 31 个用例生成成功，用时 11.10s
2025-07-13 22:23:39,910 - httpx - INFO - HTTP Request: POST https://ark.cn-beijing.volces.com/api/v3/chat/completions "HTTP/1.1 200 OK"
2025-07-13 22:23:39,911 - regenerate - INFO -  第 30 个用例生成成功，用时 19.15s
2025-07-13 22:23:41,151 - httpx - INFO - HTTP Request: POST https://ark.cn-beijing.volces.com/api/v3/chat/completions "HTTP/1.1 200 OK"
2025-07-13 22:23:41,152 - regenerate - INFO -  第 32 个用例生成成功，用时 10.45s
2025-07-13 22:23:41,434 - httpx - INFO - HTTP Request: POST https://ark.cn-beijing.volces.com/api/v3/chat/completions "HTTP/1.1 200 OK"
2025-07-13 22:23:41,436 - regenerate - INFO -  第 33 个用例生成成功，用时 10.42s
2025-07-13 22:23:41,972 - httpx - INFO - HTTP Request: POST https://ark.cn-beijing.volces.com/api/v3/chat/completions "HTTP/1.1 200 OK"
2025-07-13 22:23:41,973 - regenerate - INFO -  第 29 个用例生成成功，用时 21.22s
2025-07-13 22:23:42,536 - httpx - INFO - HTTP Request: POST https://ark.cn-beijing.volces.com/api/v3/chat/completions "HTTP/1.1 200 OK"
2025-07-13 22:23:42,536 - regenerate - INFO -  第 34 个用例生成成功，用时 11.08s
2025-07-13 22:23:44,958 - httpx - INFO - HTTP Request: POST https://ark.cn-beijing.volces.com/api/v3/chat/completions "HTTP/1.1 200 OK"
2025-07-13 22:23:44,960 - regenerate - INFO -  第 36 个用例生成成功，用时 12.10s
2025-07-13 22:23:45,253 - httpx - INFO - HTTP Request: POST https://ark.cn-beijing.volces.com/api/v3/chat/completions "HTTP/1.1 200 OK"
2025-07-13 22:23:45,254 - regenerate - INFO -  第 40 个用例生成成功，用时 11.55s
2025-07-13 22:23:45,404 - httpx - INFO - HTTP Request: POST https://ark.cn-beijing.volces.com/api/v3/chat/completions "HTTP/1.1 200 OK"
2025-07-13 22:23:45,405 - regenerate - INFO -  第 39 个用例生成成功，用时 12.14s
2025-07-13 22:23:45,497 - httpx - INFO - HTTP Request: POST https://ark.cn-beijing.volces.com/api/v3/chat/completions "HTTP/1.1 200 OK"
2025-07-13 22:23:45,498 - regenerate - INFO -  第 35 个用例生成成功，用时 13.89s
2025-07-13 22:23:47,764 - httpx - INFO - HTTP Request: POST https://ark.cn-beijing.volces.com/api/v3/chat/completions "HTTP/1.1 200 OK"
2025-07-13 22:23:47,764 - regenerate - INFO -  第 38 个用例生成成功，用时 14.72s
2025-07-13 22:23:48,050 - httpx - INFO - HTTP Request: POST https://ark.cn-beijing.volces.com/api/v3/chat/completions "HTTP/1.1 200 OK"
2025-07-13 22:23:48,051 - regenerate - INFO -  第 8 个用例生成成功，用时 27.51s
2025-07-13 22:23:52,465 - httpx - INFO - HTTP Request: POST https://ark.cn-beijing.volces.com/api/v3/chat/completions "HTTP/1.1 200 OK"
2025-07-13 22:23:52,466 - regenerate - INFO -  第 37 个用例生成成功，用时 19.44s
2025-07-13 22:23:55,715 - httpx - INFO - HTTP Request: POST https://ark.cn-beijing.volces.com/api/v3/chat/completions "HTTP/1.1 200 OK"
2025-07-13 22:23:55,716 - regenerate - INFO -  第 41 个用例生成成功，用时 21.97s
2025-07-13 22:23:55,716 - regenerate - INFO - 重新生成测试用例完成，成功 41，失败 0
2025-07-13 22:23:55,717 - main - INFO - 重新生成成功，耗时 79.39 秒
2025-07-13 22:25:09,534 - feishu_api - ERROR - 请求飞书文档块出错: [Errno 11001] getaddrinfo failed
2025-07-13 22:25:09,535 - feishu_api - ERROR - 获取飞书文档块失败: 请求飞书文档块时网络错误
2025-07-13 22:25:09,535 - main - ERROR - 从飞书获取文档内容失败: 获取飞书文档内容失败
2025-07-13 22:25:24,589 - httpx - INFO - HTTP Request: GET https://open.feishu.cn/open-apis/docx/v1/documents/HuGxdTBuSoIGPLxyVFxcYQlrnNd/blocks?limit=100 "HTTP/1.1 200 OK"
2025-07-13 22:25:25,142 - httpx - INFO - HTTP Request: GET https://open.feishu.cn/open-apis/drive/v1/medias/batch_get_tmp_download_url?file_tokens=TgEKbWEBAo8NLixzkxMchwptnpg "HTTP/1.1 200 OK"
2025-07-13 22:25:25,591 - httpx - INFO - HTTP Request: GET https://open.feishu.cn/open-apis/drive/v1/medias/batch_get_tmp_download_url?file_tokens=SkDEbgOKsoteNwxRDY1cvMAjndf "HTTP/1.1 200 OK"
2025-07-13 22:25:25,941 - httpx - INFO - HTTP Request: GET https://open.feishu.cn/open-apis/drive/v1/medias/batch_get_tmp_download_url?file_tokens=Y1zAbRUnxowpqyxEkfKc1t3Mnph "HTTP/1.1 200 OK"
2025-07-13 22:25:26,361 - httpx - INFO - HTTP Request: GET https://open.feishu.cn/open-apis/drive/v1/medias/batch_get_tmp_download_url?file_tokens=FmJybjFF3o2UVSxDTtbcGSdRnXd "HTTP/1.1 200 OK"
2025-07-13 22:25:26,727 - httpx - INFO - HTTP Request: GET https://open.feishu.cn/open-apis/drive/v1/medias/batch_get_tmp_download_url?file_tokens=IehHb80ino8l8Tx6VHAciwJwnse "HTTP/1.1 200 OK"
2025-07-13 22:25:26,729 - main - INFO - 提取的 PRD 文本:
## B端产品登录功能需求文档范文

### 1.1 功能概述

1.1.1 业务流程图

![image](https://internal-api-drive-stream.feishu.cn/space/api/box/stream/download/authcode/?code=YjMyZDcwZTg2NThkZGNjYTE0ZGFkMTk5MWJhOTdlYzJfMGE3N2Q1MDRlODZkYmY4YmI0MTI1YTQ4NTVhOGYzMjhfSUQ6NzUyNDkzMzk1NzAyMTIzNzI1Ml8xNzUyNDE2NzI1OjE3NTI1MDMxMjVfVjM)

1.1.2 功能架构

### 1.2 功能说明

1.2.1 账号登录

1.2.1.1 业务流程

用户打开登录网址进入登录页面；

输入登录账号、密码、验证码进行登录；

1.2.1.2 页面原型

![image](https://internal-api-drive-stream.feishu.cn/space/api/box/stream/download/authcode/?code=ZDk5ZTk4OTk0ZTA0Y2RiNzNhNzJhY2NkZmVkNGI5YzRfZTY2NDcwYzFkMmQ5MWUzYTJmOWRlYjQwNDdiYWE2YTRfSUQ6NzUyNDkzMzk1Mzk3MjIyNDAwMl8xNzUyNDE2NzI1OjE3NTI1MDMxMjVfVjM)

1.2.1.3 逻辑说明

账号输入框：输入账号后显示清空操作按钮，点击清空按钮清空已输入的账号；

密码输入框：输入密码后显示密码明文查看按钮及清空按钮，鼠标按下明文查看按钮密码明文展示，鼠标松开后密文展示，点击清空按钮清空已输入密码；

验证码：验证码为4位随机的大写英文字母，单击验证码展示区域刷新验证码，验证码有效期为60秒；

所有输入框获取焦点时提示文字消失且边框变为绿色，失去焦点时恢复原状；

【登录】按钮：点击【登录】按钮时依次校验登录账号、密码、验证码，若某一项校验出问题则在对应输入框下方红字提醒用户错误原因，全部校验通过则成功登录并进入系统首页；

【找回密码】按钮：点击【找回密码】按钮跳转至找回密码页面；

账号首次成功登录时弹窗提示账号首次登录时需修改初始密码，点击【确定】按钮跳转至修改初始密码页面，初始密码修改后需要重新输入账号、密码、验证码进行登录；

1.2.2 重置初始密码

1.2.2.1 业务流程

用户初次成功登录账号后弹窗提示用户修改初始密码；

点击弹窗的【确定】按钮后页面跳转至重置初始密码页面；

1.2.2.2 页面原型

![image](https://internal-api-drive-stream.feishu.cn/space/api/box/stream/download/authcode/?code=NzkyZTk3MTBhZjUyOTEzZDNiY2Y2YjZjYjZmN2ZjMDdfNmUyMDQ1YTU0MThiMzBjNTExYTRkZjNiNjMwMTA0NThfSUQ6NzUyNDkzMzk1NTY1NDg3NzE4Nl8xNzUyNDE2NzI1OjE3NTI1MDMxMjVfVjM)

1.2.2.3 业务逻辑

新密码输入框：输入密码后显示密码明文查看按钮及清空按钮，鼠标按下明文查看按钮密码明文展示，鼠标松开后密文展示，点击清空按钮清空已输入密码；

确认密码：输入密码后显示密码明文查看按钮及清空按钮，鼠标按下明文查看按钮密码明文展示，鼠标松开后密文展示，点击清空按钮清空已输入密码；

验证码：点击【获取验证码】按钮向登录账号绑定手机号发送6位随机数字验证码，验证码已发送后【获取验证码】按钮展示60秒倒计时，倒计时结束后恢复原状，验证码有效期为60秒；

所有输入框获取焦点时提示文字消失且输入框边框变为绿色，失去焦点时恢复原状；

【取消】按钮：点击【取消】按钮取消修改初始密码，返回至登录页面；

【提交】按钮：点击【提交】按钮依次校验密码、验证码，若某一项校验出问题则在对应输入框下方红字提醒用户错误原因，全部校验通过则提示重置密码成功，然后返回至登录页面；

1.2.3 找回密码

1.2.3.1 业务流程

用户打开登录网址进入登录页面；

忘记登录密码后在登录页面页面点击【找回密码】按钮进入找回密码页面；

1.2.3.2 页面原型

![image](https://internal-api-drive-stream.feishu.cn/space/api/box/stream/download/authcode/?code=YTFmMmU2MTBkZGE5MDljOTA5YzQ0ZGVkN2UxMWYyMTdfMGE3NWZkOWQ1MDIwZTA0NjgzZGY3MDJmOTY0MWRlNGFfSUQ6NzUyNDkzMzk1MzM5NTAxNTcwOF8xNzUyNDE2NzI2OjE3NTI1MDMxMjZfVjM)

1.2.3.3 业务逻辑

新密码输入框：输入密码后显示密码明文查看按钮及清空按钮，鼠标按下明文查看按钮密码明文展示，鼠标松开后密文展示，点击清空按钮清空已输入密码；

确认密码：输入密码后显示密码明文查看按钮及清空按钮，鼠标按下明文查看按钮密码明文展示，鼠标松开后密文展示，点击清空按钮清空已输入密码；

验证码：点击【获取验证码】按钮向登录账号绑定手机号发送6位随机数字验证码，验证码已发送后【获取验证码】按钮展示60秒倒计时，倒计时结束后恢复原状，验证码有效期为60秒；

所有输入框获取焦点时提示文字消失且输入框边框变为绿色，失去焦点时恢复原状；

【取消】按钮：点击【取消】按钮取消修改初始密码，返回至登录页面；

【提交】按钮：点击【提交】按钮依次校验密码、验证码，若某一项校验出问题则在对应输入框下方红字提醒用户错误原因，全部校验通过则提示重置密码成功，然后返回至登录页面；

1.2.4 修改密码

1.2.4.1 业务流程

用户成功登录账号；

在我的页面选择修改密码进入修改密码页面；

1.2.4.2 页面原型

![image](https://internal-api-drive-stream.feishu.cn/space/api/box/stream/download/authcode/?code=ZDIwZTFhM2UwNzg5ZDU5ZDU1MDY0NjIxNjI1NjliNTRfNWExZTNlNTM0NTk4YzY0MWEyYzZjMWFjZTU0ZWIwZDNfSUQ6NzUyNDkzMzk1NzE1OTM1NDM5Nl8xNzUyNDE2NzI2OjE3NTI1MDMxMjZfVjM)

1.2.4.3 业务逻辑

原密码输入框：输入密码后显示密码明文查看按钮及清空按钮，鼠标按下明文查看按钮密码明文展示，鼠标松开后密文展示，点击清空按钮清空已输入密码；

新密码输入框：输入密码后显示密码明文查看按钮及清空按钮，鼠标按下明文查看按钮密码明文展示，鼠标松开后密文展示，点击清空按钮清空已输入密码；

确认密码：输入密码后显示密码明文查看按钮及清空按钮，鼠标按下明文查看按钮密码明文展示，鼠标松开后密文展示，点击清空按钮清空已输入密码；

验证码：点击【获取验证码】按钮向登录账号绑定手机号发送6位随机数字验证码，验证码已发送后【获取验证码】按钮展示60秒倒计时，倒计时结束后恢复原状，验证码有效期为60秒；

所有输入框获取焦点时提示文字消失且输入框边框变为绿色，失去焦点时恢复原状；

【取消】按钮：点击【取消】按钮取消修改密码，返回至我的页面；

【提交】按钮：点击【提交】按钮依次校验密码、验证码，若某一项校验出问题则在对应输入框下方红字提醒用户错误原因，全部校验通过则提示重置密码成功；


2025-07-13 22:25:26,730 - main - INFO - 调用图谱重新生成测试用例
2025-07-13 22:25:26,731 - regenerate - INFO - [Step 1] 开始处理图像内容
2025-07-13 22:25:26,731 - regenerate - INFO - [Step 1] 发现 5 张图片，开始识别...
2025-07-13 22:25:26,731 - regenerate - INFO -   处理图片 1/5: https://internal-api-drive-stream.feishu.cn/space/...
2025-07-13 22:25:27,417 - httpx - INFO - HTTP Request: POST https://ark.cn-beijing.volces.com/api/v3/chat/completions "HTTP/1.1 400 Bad Request"
2025-07-13 22:25:27,418 - regenerate - WARNING -   图片尺寸过大，使用替代描述: https://internal-api-drive-stream.feishu.cn/space/api/box/stream/download/authcode/?code=YjMyZDcwZTg2NThkZGNjYTE0ZGFkMTk5MWJhOTdlYzJfMGE3N2Q1MDRlODZkYmY4YmI0MTI1YTQ4NTVhOGYzMjhfSUQ6NzUyNDkzMzk1NzAyMTIzNzI1Ml8xNzUyNDE2NzI1OjE3NTI1MDMxMjVfVjM
2025-07-13 22:25:27,418 - regenerate - INFO -   处理图片 2/5: https://internal-api-drive-stream.feishu.cn/space/...
2025-07-13 22:25:30,947 - uvicorn.error - INFO - Shutting down
2025-07-13 22:25:31,060 - uvicorn.error - INFO - Waiting for background tasks to complete. (CTRL+C to force quit)
